KCl (Kyoto Common Lisp)  June 3, 1987
Loading init.lsp


type  (start) to re-load planner

Loading init-o.lsp
Loading /u/sgwoods/Plan/Planner/Search/search-load.o
Loading /u/sgwoods/Plan/Planner/Search/search.o
Finished loading /u/sgwoods/Plan/Planner/Search/search.o
Loading /u/sgwoods/Plan/Planner/Search/graphsearch.o
Finished loading /u/sgwoods/Plan/Planner/Search/graphsearch.o
Loading /u/sgwoods/Plan/Planner/Search/graph-ctrl.o
Finished loading /u/sgwoods/Plan/Planner/Search/graph-ctrl.o
Loading /u/sgwoods/Plan/Planner/Search/list-access.o
Finished loading /u/sgwoods/Plan/Planner/Search/list-access.o
Loading /u/sgwoods/Plan/Planner/Search/node-access.o
Finished loading /u/sgwoods/Plan/Planner/Search/node-access.o
Loading /u/sgwoods/Plan/Planner/Search/interface.o
Finished loading /u/sgwoods/Plan/Planner/Search/interface.o
Loading /u/sgwoods/Plan/Planner/Search/state-expansion.o
Finished loading /u/sgwoods/Plan/Planner/Search/state-expansion.o
Loading /u/sgwoods/Plan/Planner/Search/Maint/compile.lsp
Finished loading /u/sgwoods/Plan/Planner/Search/Maint/compile.lsp
Finished loading /u/sgwoods/Plan/Planner/Search/search-load.o
Loading /u/sgwoods/Plan/Planner/planner.o
Finished loading /u/sgwoods/Plan/Planner/planner.o
Loading /u/sgwoods/Plan/Planner/branch.o
Finished loading /u/sgwoods/Plan/Planner/branch.o
Loading /u/sgwoods/Plan/Planner/driver.o
Finished loading /u/sgwoods/Plan/Planner/driver.o
Loading /u/sgwoods/Plan/Tweak2/init.o
Loading /u/sgwoods/Plan/Tweak2/general.o
Finished loading /u/sgwoods/Plan/Tweak2/general.o
Loading /u/sgwoods/Plan/Tweak2/structs.o
Finished loading /u/sgwoods/Plan/Tweak2/structs.o
Loading /u/sgwoods/Plan/Tweak2/mtc.o
Finished loading /u/sgwoods/Plan/Tweak2/mtc.o
Loading /u/sgwoods/Plan/Tweak2/successors.o
Finished loading /u/sgwoods/Plan/Tweak2/successors.o
Loading /u/sgwoods/Plan/Tweak2/tree.o
Finished loading /u/sgwoods/Plan/Tweak2/tree.o
Loading /u/sgwoods/Plan/Tweak2/Succ/find-new-ests.o
Finished loading /u/sgwoods/Plan/Tweak2/Succ/find-new-ests.o
Loading /u/sgwoods/Plan/Tweak2/Succ/select-ops.o
Finished loading /u/sgwoods/Plan/Tweak2/Succ/select-ops.o
Loading /u/sgwoods/Plan/Tweak2/Succ/find-exist-ests.o
Finished loading /u/sgwoods/Plan/Tweak2/Succ/find-exist-ests.o
Loading /u/sgwoods/Plan/Tweak2/Succ/find-pos-exist-ests.o
Finished loading /u/sgwoods/Plan/Tweak2/Succ/find-pos-exist-ests.o
Loading /u/sgwoods/Plan/Tweak2/Succ/find-nec-exist-ests.o
Finished loading /u/sgwoods/Plan/Tweak2/Succ/find-nec-exist-ests.o
Loading /u/sgwoods/Plan/Tweak2/Conf-infer/classify.o
Finished loading /u/sgwoods/Plan/Tweak2/Conf-infer/classify.o
Loading /u/sgwoods/Plan/Tweak2/Conf-infer/declob.o
Finished loading /u/sgwoods/Plan/Tweak2/Conf-infer/declob.o
Loading /u/sgwoods/Plan/Tweak2/Conf-infer/conflict-detection.o
Finished loading /u/sgwoods/Plan/Tweak2/Conf-infer/conflict-detection.o
Loading /u/sgwoods/Plan/Tweak2/Conf-infer/intermed-access.o
Finished loading /u/sgwoods/Plan/Tweak2/Conf-infer/intermed-access.o
Loading /u/sgwoods/Plan/Tweak2/Plan-infer/plan-dependent.o
Finished loading /u/sgwoods/Plan/Tweak2/Plan-infer/plan-dependent.o
Loading /u/sgwoods/Plan/Tweak2/Plan-infer/plan-inference.o
Finished loading /u/sgwoods/Plan/Tweak2/Plan-infer/plan-inference.o
Loading /u/sgwoods/Plan/Tweak2/Plan-infer/cr-access.o
Finished loading /u/sgwoods/Plan/Tweak2/Plan-infer/cr-access.o
Loading /u/sgwoods/Plan/Tweak2/Plan-infer/plan-modification.o
Finished loading /u/sgwoods/Plan/Tweak2/Plan-infer/plan-modification.o
Loading /u/sgwoods/Plan/Tweak2/Plan-infer/show-plan.o
Finished loading /u/sgwoods/Plan/Tweak2/Plan-infer/show-plan.o
Loading /u/sgwoods/Plan/Tweak2/debug.o
Finished loading /u/sgwoods/Plan/Tweak2/debug.o
Loading /u/sgwoods/Plan/Tweak2/Maint/compile.lsp
Finished loading /u/sgwoods/Plan/Tweak2/Maint/compile.lsp
Finished loading /u/sgwoods/Plan/Tweak2/init.o
Loading /u/sgwoods/Plan/AbTweak2/init.o
Loading /u/sgwoods/Plan/AbTweak2/ab-mtc.o
Finished loading /u/sgwoods/Plan/AbTweak2/ab-mtc.o
Loading /u/sgwoods/Plan/AbTweak2/ab-succ.o
Finished loading /u/sgwoods/Plan/AbTweak2/ab-succ.o
Loading /u/sgwoods/Plan/AbTweak2/ab-causal.o
Finished loading /u/sgwoods/Plan/AbTweak2/ab-causal.o
Loading /u/sgwoods/Plan/AbTweak2/ab-msp.o
Finished loading /u/sgwoods/Plan/AbTweak2/ab-msp.o
Loading /u/sgwoods/Plan/AbTweak2/ab-mono.o
Finished loading /u/sgwoods/Plan/AbTweak2/ab-mono.o
Loading /u/sgwoods/Plan/AbTweak2/Maint/compile.lsp
Finished loading /u/sgwoods/Plan/AbTweak2/Maint/compile.lsp
Finished loading /u/sgwoods/Plan/AbTweak2/init.o
Loading /u/sgwoods/Plan/Planner/Domains/load-functions.lsp
Finished loading /u/sgwoods/Plan/Planner/Domains/load-functions.lsp
Loading /u/sgwoods/Plan/Planner/Domains/nils-blocks.lsp
Finished loading /u/sgwoods/Plan/Planner/Domains/nils-blocks.lsp
domain definition for: NILSSONS-BLOCKS-WORLD
operators    : 
(#S(OPERATOR OPID PICKUP NAME (PICKUP $X) PRECONDITIONS
       ((ONTABLE $X) (CLEAR $X) (HANDEMPTY)) EFFECTS
       ((HOLDING $X) (NOT ONTABLE $X) (NOT CLEAR $X) (NOT HANDEMPTY)))
 #S(OPERATOR OPID PUTDOWN NAME (PUTDOWN $X) PRECONDITIONS
       ((HOLDING $X)) EFFECTS
       ((ONTABLE $X) (CLEAR $X) (HANDEMPTY) (NOT HOLDING $X)))
 #S(OPERATOR OPID STACK NAME (STACK $X $Y) PRECONDITIONS
       ((HOLDING $X) (CLEAR $Y)) EFFECTS
       ((ON $X $Y) (CLEAR $X) (HANDEMPTY) (NOT HOLDING $X)
        (NOT CLEAR $Y)))
 #S(OPERATOR OPID UNSTACK NAME (UNSTACK $X $Y) PRECONDITIONS
       ((ON $X $Y) (CLEAR $X) (HANDEMPTY)) EFFECTS
       ((CLEAR $Y) (NOT CLEAR $X) (NOT HANDEMPTY) (HOLDING $X)
        (NOT ON $X $Y))))
initial state: ((ON C A) (ONTABLE A) (ONTABLE B) (CLEAR C) (CLEAR B)
                (HANDEMPTY))
goal state   : ((ON A B) (ON B C))
Loading useful.o
Finished loading useful.o
Finished loading init-o.lsp
Finished loading init.lsp

>Loading /u/sgwoods/Plan/Planner/Domains/hanoi-3.lsp
Finished loading /u/sgwoods/Plan/Planner/Domains/hanoi-3.lsp
domain definition for: HANOI-3-ISPEG
operators    : 
(#S(OPERATOR OPID MOVEB NAME (MOVEB $X $Y) PRECONDITIONS
       ((ISPEG $X) (ISPEG $Y) (NOT ONS $X) (NOT ONM $X) (NOT ONS $Y)
        (NOT ONM $Y) (ONB $X))
       EFFECTS ((NOT ONB $X) (ONB $Y)))
 #S(OPERATOR OPID MOVEM NAME (MOVEM $X $Y) PRECONDITIONS
       ((ISPEG $X) (ISPEG $Y) (NOT ONS $X) (NOT ONS $Y) (ONM $X))
       EFFECTS ((NOT ONM $X) (ONM $Y)))
 #S(OPERATOR OPID MOVES NAME (MOVES $X $Y) PRECONDITIONS
       ((ISPEG $X) (ISPEG $Y) (ONS $X)) EFFECTS
       ((NOT ONS $X) (ONS $Y))))
initial state: ((ISPEG PEG1) (ISPEG PEG2) (ISPEG PEG3) (ONB PEG1)
                (ONM PEG1) (ONS PEG1) (NOT ONB PEG2) (NOT ONB PEG3)
                (NOT ONM PEG2) (NOT ONM PEG3) (NOT ONS PEG2)
                (NOT ONS PEG3))
goal state   : ((ONB PEG3) (ONM PEG3) (ONS PEG3))
NIL

>IBMMSS

>((5 (ISPEG $)) (4 (ONB $)) (3 (NOT ONM $)) (2 (ONM $)) (1 (NOT ONS $))
 (0 (ONS $)))

>(0 0 0 0 0 0)

>expanded  = 20
generated = 28
expanded  = 40
generated = 56
expanded  = 60
generated = 85
expanded  = 80
generated = 120
expanded  = 100
generated = 157
expanded  = 120
generated = 191
expanded  = 140
generated = 228
expanded  = 160
generated = 260
expanded  = 180
generated = 292
expanded  = 200
generated = 325
abtweak planner  run statistics
planner-mode   : ABTWEAK
search type    : 4
debug          : NIL
determine via  : FIRST
backwards-mode : NIL
heuristic      : D
nodes expanded : 200
nodes generated: 325
solution depth : 0
max node succ  : 5
max conflicts  : 2
branch factors : ((0 0.0) (1 1.33) (2 1.92) (3 1.48) (4 1.44) (5 0.0))

a: criticality levels    : 5
a: criticality depth mode: NIL
a: k learning mode       : NIL
a: top-down flag         : NIL
a: top-down pruned       : 0
a: abs goal mode         : NIL
a: monotonic sol property: NIL
a: msp weak mode         : NEC
a: weak msp   pruned     : 0
a: strong msp pruned     : 0
a: abstract nodes gen    : 25
expanded  = 220
generated = 362
expanded  = 240
generated = 398
expanded  = 260
generated = 434
expanded  = 280
generated = 473
expanded  = 300
generated = 504
expanded  = 320
generated = 536
expanded  = 340
generated = 566
expanded  = 360
generated = 599
expanded  = 380
generated = 633
expanded  = 400
generated = 668
abtweak planner  run statistics
planner-mode   : ABTWEAK
search type    : 4
debug          : NIL
determine via  : FIRST
backwards-mode : NIL
heuristic      : D
nodes expanded : 400
nodes generated: 668
solution depth : 0
max node succ  : 6
max conflicts  : 2
branch factors : ((0 0.0) (1 1.36) (2 1.91) (3 1.54) (4 1.45) (5 0.0))

a: criticality levels    : 5
a: criticality depth mode: NIL
a: k learning mode       : NIL
a: top-down flag         : NIL
a: top-down pruned       : 0
a: abs goal mode         : NIL
a: monotonic sol property: NIL
a: msp weak mode         : NEC
a: weak msp   pruned     : 0
a: strong msp pruned     : 0
a: abstract nodes gen    : 38
expanded  = 420
generated = 702
expanded  = 440
generated = 728
expanded  = 460
generated = 760
expanded  = 480
generated = 797

*************************************************
*         solution plan found                    
*************************************************



((I) (MOVES PEG1 PEG3))

((MOVES PEG1 PEG3) (MOVEM PEG1 PEG2))

((MOVEM PEG1 PEG2) (MOVES PEG3 PEG2))

((MOVES PEG3 PEG2) (MOVEB PEG1 PEG3))

((MOVEB PEG1 PEG3) (MOVES PEG2 PEG1))

((MOVES PEG2 PEG1) (MOVEM PEG2 PEG3))

((MOVEM PEG2 PEG3) (MOVES PEG1 PEG3))

((MOVES PEG1 PEG3) (G))
*** node search depth: 28

abtweak planner  run statistics
planner-mode   : ABTWEAK
search type    : 4
debug          : NIL
determine via  : FIRST
backwards-mode : NIL
heuristic      : D
nodes expanded : 480
nodes generated: 800
solution depth : 28
max node succ  : 6
max conflicts  : 2
branch factors : ((0 2.0) (1 1.48) (2 1.87) (3 1.54) (4 1.45) (5 0.0))

a: criticality levels    : 5
a: criticality depth mode: NIL
a: k learning mode       : NIL
a: top-down flag         : NIL
a: top-down pruned       : 0
a: abs goal mode         : NIL
a: monotonic sol property: NIL
a: msp weak mode         : NEC
a: weak msp   pruned     : 0
a: strong msp pruned     : 0
a: abstract nodes gen    : 43
T

>Bye.
