
>Loading /u/sgwoods/Plan/Planner/Domains/hanoi-3/misb
Finished loading /u/sgwoods/Plan/Planner/Domains/hanoi-3/misb
T

>expanded  = 20
generated = 31
expanded  = 40
generated = 73
expanded  = 60
generated = 113
expanded  = 80
generated = 150
expanded  = 100
generated = 180
expanded  = 120
generated = 223
expanded  = 140
generated = 260
expanded  = 160
generated = 304
expanded  = 180
generated = 341
expanded  = 200
generated = 377
ABTWEAK PLANNER  RUN STATISTICS
Planner-Mode   : ABTWEAK
Search Type    : 4
Debug          : NIL
Determine via  : FIRST
Backwards-Mode : NIL
Heuristic      : D
Nodes Expanded : 200
Nodes Generated: 377
Solution Depth : 0
Max Node Succ  : 4
Max Conflicts  : 2
Branch Factors : ((0 1.92) (1 1.71) (2 0.0) (3 1.5))

A: Criticality Levels    : 3
A: Criticality Depth Mode: T
A: K Learning Mode       : NIL
A: Top-Down Flag         : NIL
A: Top-Down Pruned       : 0
A: ABS Goal Mode         : NIL
A: Monotonic Sol Property: NIL
A: Msp Weak Mode         : NEC
A: Weak MSP   pruned     : 0
A: Strong MSP pruned     : 0
A: Abstract nodes GEN    : 3
expanded  = 220
generated = 404
expanded  = 240
generated = 437
expanded  = 260
generated = 473
expanded  = 280
generated = 509
expanded  = 300
generated = 556
expanded  = 320
generated = 586
expanded  = 340
generated = 632
expanded  = 360
generated = 671
expanded  = 380
generated = 711
expanded  = 400
generated = 750
ABTWEAK PLANNER  RUN STATISTICS
Planner-Mode   : ABTWEAK
Search Type    : 4
Debug          : NIL
Determine via  : FIRST
Backwards-Mode : NIL
Heuristic      : D
Nodes Expanded : 400
Nodes Generated: 750
Solution Depth : 0
Max Node Succ  : 4
Max Conflicts  : 3
Branch Factors : ((0 1.89) (1 1.71) (2 0.0) (3 1.5))

A: Criticality Levels    : 3
A: Criticality Depth Mode: T
A: K Learning Mode       : NIL
A: Top-Down Flag         : NIL
A: Top-Down Pruned       : 0
A: ABS Goal Mode         : NIL
A: Monotonic Sol Property: NIL
A: Msp Weak Mode         : NEC
A: Weak MSP   pruned     : 0
A: Strong MSP pruned     : 0
A: Abstract nodes GEN    : 3
expanded  = 420
generated = 789
expanded  = 440
generated = 830
expanded  = 460
generated = 872
expanded  = 480
generated = 918
expanded  = 500
generated = 966
expanded  = 520
generated = 1011
expanded  = 540
generated = 1053
expanded  = 560
generated = 1096
expanded  = 580
generated = 1130
expanded  = 600
generated = 1171
ABTWEAK PLANNER  RUN STATISTICS
Planner-Mode   : ABTWEAK
Search Type    : 4
Debug          : NIL
Determine via  : FIRST
Backwards-Mode : NIL
Heuristic      : D
Nodes Expanded : 600
Nodes Generated: 1171
Solution Depth : 0
Max Node Succ  : 5
Max Conflicts  : 3
Branch Factors : ((0 1.96) (1 1.71) (2 0.0) (3 1.5))

A: Criticality Levels    : 3
A: Criticality Depth Mode: T
A: K Learning Mode       : NIL
A: Top-Down Flag         : NIL
A: Top-Down Pruned       : 0
A: ABS Goal Mode         : NIL
A: Monotonic Sol Property: NIL
A: Msp Weak Mode         : NEC
A: Weak MSP   pruned     : 0
A: Strong MSP pruned     : 0
A: Abstract nodes GEN    : 3
expanded  = 620
generated = 1204
expanded  = 640
generated = 1236
expanded  = 660
generated = 1276
expanded  = 680
generated = 1316
expanded  = 700
generated = 1352
expanded  = 720
generated = 1397
expanded  = 740
generated = 1438
expanded  = 760
generated = 1472
expanded  = 780
generated = 1507
expanded  = 800
generated = 1539
ABTWEAK PLANNER  RUN STATISTICS
Planner-Mode   : ABTWEAK
Search Type    : 4
Debug          : NIL
Determine via  : FIRST
Backwards-Mode : NIL
Heuristic      : D
Nodes Expanded : 800
Nodes Generated: 1539
Solution Depth : 0
Max Node Succ  : 5
Max Conflicts  : 3
Branch Factors : ((0 1.93) (1 1.71) (2 0.0) (3 1.5))

A: Criticality Levels    : 3
A: Criticality Depth Mode: T
A: K Learning Mode       : NIL
A: Top-Down Flag         : NIL
A: Top-Down Pruned       : 0
A: ABS Goal Mode         : NIL
A: Monotonic Sol Property: NIL
A: Msp Weak Mode         : NEC
A: Weak MSP   pruned     : 0
A: Strong MSP pruned     : 0
A: Abstract nodes GEN    : 3
expanded  = 820
generated = 1575
expanded  = 840
generated = 1617
expanded  = 860
generated = 1649
expanded  = 880
generated = 1682
expanded  = 900
generated = 1714
expanded  = 920
generated = 1756
expanded  = 940
generated = 1793
expanded  = 960
generated = 1839
expanded  = 980
generated = 1880
expanded  = 1000
generated = 1923
ABTWEAK PLANNER  RUN STATISTICS
Planner-Mode   : ABTWEAK
Search Type    : 4
Debug          : NIL
Determine via  : FIRST
Backwards-Mode : NIL
Heuristic      : D
Nodes Expanded : 1000
Nodes Generated: 1923
Solution Depth : 0
Max Node Succ  : 5
Max Conflicts  : 3
Branch Factors : ((0 1.93) (1 1.71) (2 0.0) (3 1.5))

A: Criticality Levels    : 3
A: Criticality Depth Mode: T
A: K Learning Mode       : NIL
A: Top-Down Flag         : NIL
A: Top-Down Pruned       : 0
A: ABS Goal Mode         : NIL
A: Monotonic Sol Property: NIL
A: Msp Weak Mode         : NEC
A: Weak MSP   pruned     : 0
A: Strong MSP pruned     : 0
A: Abstract nodes GEN    : 3
expanded  = 1020
generated = 1963
expanded  = 1040
generated = 2005

Correctable error: The storage for structure is exhausted.
                   Currently, 85 pages are allocated.
                   Use ALLOCATE to expand the space.
Signalled by DRIVER.
If continued: Continues execution.

Broken at DRIVER.  Type :H for Help.
>>Bye.
