
>Loading /u/sgwoods/Plan/Planner/Domains/hanoi-3/msib
Finished loading /u/sgwoods/Plan/Planner/Domains/hanoi-3/msib
T

>expanded  = 20
generated = 34
expanded  = 40
generated = 69
expanded  = 60
generated = 111
expanded  = 80
generated = 154
expanded  = 100
generated = 185
expanded  = 120
generated = 225
expanded  = 140
generated = 270
expanded  = 160
generated = 305
expanded  = 180
generated = 355
expanded  = 200
generated = 392
ABTWEAK PLANNER  RUN STATISTICS
Planner-Mode   : ABTWEAK
Search Type    : 4
Debug          : NIL
Determine via  : FIRST
Backwards-Mode : NIL
Heuristic      : D
Nodes Expanded : 200
Nodes Generated: 392
Solution Depth : 0
Max Node Succ  : 11
Max Conflicts  : 3
Branch Factors : ((0 2.03) (1 0.67) (2 2.61) (3 1.75))

A: Criticality Levels    : 3
A: Criticality Depth Mode: NIL
A: K Learning Mode       : NIL
A: Top-Down Flag         : NIL
A: Top-Down Pruned       : 0
A: ABS Goal Mode         : NIL
A: Monotonic Sol Property: WEAK
A: Msp Weak Mode         : POS
A: Weak MSP   pruned     : 0
A: Strong MSP pruned     : 0
A: Abstract nodes GEN    : 16
expanded  = 220
generated = 438
expanded  = 240
generated = 481
expanded  = 260
generated = 525
expanded  = 280
generated = 565
expanded  = 300
generated = 604
expanded  = 320
generated = 646
expanded  = 340
generated = 689
expanded  = 360
generated = 722
expanded  = 380
generated = 759
expanded  = 400
generated = 809
ABTWEAK PLANNER  RUN STATISTICS
Planner-Mode   : ABTWEAK
Search Type    : 4
Debug          : NIL
Determine via  : FIRST
Backwards-Mode : NIL
Heuristic      : D
Nodes Expanded : 400
Nodes Generated: 809
Solution Depth : 0
Max Node Succ  : 14
Max Conflicts  : 3
Branch Factors : ((0 2.03) (1 0.82) (2 3.06) (3 1.75))

A: Criticality Levels    : 3
A: Criticality Depth Mode: NIL
A: K Learning Mode       : NIL
A: Top-Down Flag         : NIL
A: Top-Down Pruned       : 0
A: ABS Goal Mode         : NIL
A: Monotonic Sol Property: WEAK
A: Msp Weak Mode         : POS
A: Weak MSP   pruned     : 0
A: Strong MSP pruned     : 0
A: Abstract nodes GEN    : 36
expanded  = 420
generated = 847
expanded  = 440
generated = 881
expanded  = 460
generated = 920
expanded  = 480
generated = 958
expanded  = 500
generated = 998
expanded  = 520
generated = 1036
expanded  = 540
generated = 1074
expanded  = 560
generated = 1110
expanded  = 580
generated = 1148
expanded  = 600
generated = 1191
ABTWEAK PLANNER  RUN STATISTICS
Planner-Mode   : ABTWEAK
Search Type    : 4
Debug          : NIL
Determine via  : FIRST
Backwards-Mode : NIL
Heuristic      : D
Nodes Expanded : 600
Nodes Generated: 1191
Solution Depth : 0
Max Node Succ  : 14
Max Conflicts  : 3
Branch Factors : ((0 2.05) (1 0.91) (2 3.13) (3 1.75))

A: Criticality Levels    : 3
A: Criticality Depth Mode: NIL
A: K Learning Mode       : NIL
A: Top-Down Flag         : NIL
A: Top-Down Pruned       : 0
A: ABS Goal Mode         : NIL
A: Monotonic Sol Property: WEAK
A: Msp Weak Mode         : POS
A: Weak MSP   pruned     : 0
A: Strong MSP pruned     : 0
A: Abstract nodes GEN    : 59
expanded  = 620
generated = 1227
expanded  = 640
generated = 1260
expanded  = 660
generated = 1300
expanded  = 680
generated = 1342
expanded  = 700
generated = 1379
expanded  = 720
generated = 1416
expanded  = 740
generated = 1447
expanded  = 760
generated = 1491
expanded  = 780
generated = 1527
expanded  = 800
generated = 1572
ABTWEAK PLANNER  RUN STATISTICS
Planner-Mode   : ABTWEAK
Search Type    : 4
Debug          : NIL
Determine via  : FIRST
Backwards-Mode : NIL
Heuristic      : D
Nodes Expanded : 800
Nodes Generated: 1572
Solution Depth : 0
Max Node Succ  : 14
Max Conflicts  : 3
Branch Factors : ((0 2.03) (1 0.94) (2 3.12) (3 1.75))

A: Criticality Levels    : 3
A: Criticality Depth Mode: NIL
A: K Learning Mode       : NIL
A: Top-Down Flag         : NIL
A: Top-Down Pruned       : 0
A: ABS Goal Mode         : NIL
A: Monotonic Sol Property: WEAK
A: Msp Weak Mode         : POS
A: Weak MSP   pruned     : 0
A: Strong MSP pruned     : 0
A: Abstract nodes GEN    : 70
expanded  = 820
generated = 1605
expanded  = 840
generated = 1653
expanded  = 860
generated = 1692
expanded  = 880
generated = 1737
expanded  = 900
generated = 1782
expanded  = 920
generated = 1816
expanded  = 940
generated = 1854
expanded  = 960
generated = 1898
expanded  = 980
generated = 1935
expanded  = 1000
generated = 1976
ABTWEAK PLANNER  RUN STATISTICS
Planner-Mode   : ABTWEAK
Search Type    : 4
Debug          : NIL
Determine via  : FIRST
Backwards-Mode : NIL
Heuristic      : D
Nodes Expanded : 1000
Nodes Generated: 1976
Solution Depth : 0
Max Node Succ  : 14
Max Conflicts  : 3
Branch Factors : ((0 2.01) (1 0.81) (2 3.02) (3 1.8))

A: Criticality Levels    : 3
A: Criticality Depth Mode: NIL
A: K Learning Mode       : NIL
A: Top-Down Flag         : NIL
A: Top-Down Pruned       : 0
A: ABS Goal Mode         : NIL
A: Monotonic Sol Property: WEAK
A: Msp Weak Mode         : POS
A: Weak MSP   pruned     : 0
A: Strong MSP pruned     : 0
A: Abstract nodes GEN    : 92
expanded  = 1020
generated = 2016
expanded  = 1040
generated = 2061
expanded  = 1060
generated = 2097
expanded  = 1080
generated = 2154
expanded  = 1100
generated = 2227
expanded  = 1120
generated = 2268
expanded  = 1140
generated = 2323
expanded  = 1160
generated = 2367
expanded  = 1180
generated = 2408
expanded  = 1200
generated = 2472
ABTWEAK PLANNER  RUN STATISTICS
Planner-Mode   : ABTWEAK
Search Type    : 4
Debug          : NIL
Determine via  : FIRST
Backwards-Mode : NIL
Heuristic      : D
Nodes Expanded : 1200
Nodes Generated: 2472
Solution Depth : 0
Max Node Succ  : 24
Max Conflicts  : 3
Branch Factors : ((0 2.03) (1 0.8) (2 3.34) (3 1.8))

A: Criticality Levels    : 3
A: Criticality Depth Mode: NIL
A: K Learning Mode       : NIL
A: Top-Down Flag         : NIL
A: Top-Down Pruned       : 0
A: ABS Goal Mode         : NIL
A: Monotonic Sol Property: WEAK
A: Msp Weak Mode         : POS
A: Weak MSP   pruned     : 0
A: Strong MSP pruned     : 0
A: Abstract nodes GEN    : 100
expanded  = 1220
generated = 2517
expanded  = 1240
generated = 2576
expanded  = 1260
generated = 2614
expanded  = 1280
generated = 2661
expanded  = 1300
generated = 2701
expanded  = 1320
generated = 2737

Correctable error: The storage for structure is exhausted.
                   Currently, 112 pages are allocated.
                   Use ALLOCATE to expand the space.
Signalled by DRIVER.
If continued: Continues execution.

Broken at DRIVER.  Type :H for Help.
>>Bye.
