Allegro CL 3.1.13.1 [Sun4] (0/0/0)
Copyright (C) 1985-1990, Franz Inc., Berkeley, CA, USA
; Loading /u/sgwoods/Plan/Planner/init.lsp.


type  (start) to re-load planner

; Loading /u/sgwoods/Plan/Planner/init-o.lsp.
; Fast loading /u/sgwoods/Plan/Planner/Search/search-load.fasl.
; Fast loading /u/sgwoods/Plan/Planner/Search/search.fasl.
; Fast loading /u/sgwoods/Plan/Planner/Search/graphsearch.fasl.
; Fast loading /u/sgwoods/Plan/Planner/Search/graph-ctrl.fasl.
; Fast loading /u/sgwoods/Plan/Planner/Search/list-access.fasl.
; Fast loading /u/sgwoods/Plan/Planner/Search/node-access.fasl.
; Fast loading /u/sgwoods/Plan/Planner/Search/interface.fasl.
; Fast loading /u/sgwoods/Plan/Planner/Search/state-expansion.fasl.
; Loading /u/sgwoods/Plan/Planner/Search/Maint/compile.lsp.
; Fast loading /u/sgwoods/Plan/Planner/planner.fasl.
; Fast loading /u/sgwoods/Plan/Planner/branch.fasl.
; Fast loading /u/sgwoods/Plan/Planner/driver.fasl.
; Fast loading /u/sgwoods/Plan/Tweak2/init.fasl.
; Fast loading /u/sgwoods/Plan/Tweak2/general.fasl.
; Fast loading /u/sgwoods/Plan/Tweak2/structs.fasl.
; Fast loading /u/sgwoods/Plan/Tweak2/mtc.fasl.
; Fast loading /u/sgwoods/Plan/Tweak2/successors.fasl.
; Fast loading /u/sgwoods/Plan/Tweak2/tree.fasl.
; Fast loading /u/sgwoods/Plan/Tweak2/Succ/find-new-ests.fasl.
; Fast loading /u/sgwoods/Plan/Tweak2/Succ/select-ops.fasl.
; Fast loading /u/sgwoods/Plan/Tweak2/Succ/find-exist-ests.fasl.
; Fast loading /u/sgwoods/Plan/Tweak2/Succ/find-pos-exist-ests.fasl.
; Fast loading /u/sgwoods/Plan/Tweak2/Succ/find-nec-exist-ests.fasl.
; Fast loading /u/sgwoods/Plan/Tweak2/Conf-infer/classify.fasl.
; Fast loading /u/sgwoods/Plan/Tweak2/Conf-infer/declob.fasl.
; Fast loading /u/sgwoods/Plan/Tweak2/Conf-infer/conflict-detection.fasl.
; Fast loading /u/sgwoods/Plan/Tweak2/Conf-infer/intermed-access.fasl.
; Fast loading /u/sgwoods/Plan/Tweak2/Plan-infer/plan-dependent.fasl.
; Fast loading /u/sgwoods/Plan/Tweak2/Plan-infer/plan-inference.fasl.
; Fast loading /u/sgwoods/Plan/Tweak2/Plan-infer/cr-access.fasl.
; Fast loading /u/sgwoods/Plan/Tweak2/Plan-infer/plan-modification.fasl.
; Fast loading /u/sgwoods/Plan/Tweak2/Plan-infer/show-plan.fasl.
; Fast loading /u/sgwoods/Plan/Tweak2/debug.fasl.
; Fast loading /u/sgwoods/Plan/Tweak2/Maint/compile.fasl.
; Fast loading /u/sgwoods/Plan/AbTweak2/init.fasl.
; Fast loading /u/sgwoods/Plan/AbTweak2/ab-mtc.fasl.
; Fast loading /u/sgwoods/Plan/AbTweak2/ab-succ.fasl.
; Fast loading /u/sgwoods/Plan/AbTweak2/ab-causal.fasl.
; Fast loading /u/sgwoods/Plan/AbTweak2/ab-msp.fasl.
; Fast loading /u/sgwoods/Plan/AbTweak2/ab-mono.fasl.
; Fast loading /u/sgwoods/Plan/AbTweak2/Maint/compile.fasl.
; Loading /u/sgwoods/Plan/Planner/Domains/load-functions.lsp.
; Loading /u/sgwoods/Plan/Planner/Domains/nils-blocks.lsp.
domain definition for: NILSSONS-BLOCKS-WORLD
operators    : 
(#s(OPERATOR :OPID PICKUP :NAME (PICKUP $X) :PRECONDITIONS ((ONTABLE $X) (CLEAR $X) (HANDEMPTY)) :EFFECTS ((HOLDING $X) (NOT ONTABLE $X) (NOT CLEAR $X) (NOT HANDEMPTY))) #s(OPERATOR :OPID PUTDOWN :NAME (PUTDOWN $X) :PRECONDITIONS ((HOLDING $X)) :EFFECTS ((ONTABLE $X) (CLEAR $X) (HANDEMPTY) (NOT HOLDING $X))) #s(OPERATOR :OPID STACK :NAME (STACK $X $Y) :PRECONDITIONS ((HOLDING $X) (CLEAR $Y)) :EFFECTS ((ON $X $Y) (CLEAR $X) (HANDEMPTY) (NOT HOLDING $X) (NOT CLEAR $Y))) #s(OPERATOR :OPID UNSTACK :NAME (UNSTACK $X $Y) :PRECONDITIONS ((ON $X $Y) (CLEAR $X) (HANDEMPTY)) :EFFECTS ((CLEAR $Y) (NOT CLEAR $X) (NOT HANDEMPTY) (HOLDING $X) (NOT ON $X $Y))))
initial state: ((ON C A) (ONTABLE A) (ONTABLE B) (CLEAR C) (CLEAR B) (HANDEMPTY))
goal state   : ((ON A B) (ON B C))
; Fast loading /u/sgwoods/Plan/Planner/useful.fasl.
<cl> 
; Loading /u/sgwoods/Plan/Planner/Domains/hanoi-3.lsp.
domain definition for: HANOI-3-ISPEG
operators    : 
(#s(OPERATOR :OPID MOVEB :NAME (MOVEB $X $Y) :PRECONDITIONS ((ISPEG $X) (ISPEG $Y) (NOT ONS $X) (NOT ONM $X) (NOT ONS $Y) (NOT ONM $Y) (ONB $X)) :EFFECTS ((NOT ONB $X) (ONB $Y))) #s(OPERATOR :OPID MOVEM :NAME (MOVEM $X $Y) :PRECONDITIONS ((ISPEG $X) (ISPEG $Y) (NOT ONS $X) (NOT ONS $Y) (ONM $X)) :EFFECTS ((NOT ONM $X) (ONM $Y))) #s(OPERATOR :OPID MOVES :NAME (MOVES $X $Y) :PRECONDITIONS ((ISPEG $X) (ISPEG $Y) (ONS $X)) :EFFECTS ((NOT ONS $X) (ONS $Y))))
initial state: ((ISPEG PEG1) (ISPEG PEG2) (ISPEG PEG3) (ONB PEG1) (ONM PEG1) (ONS PEG1) (NOT ONB PEG2) (NOT ONB PEG3) (NOT ONM PEG2) (NOT ONM PEG3) (NOT ONS PEG2) (NOT ONS PEG3))
goal state   : ((ONB PEG3) (ONM PEG3) (ONS PEG3))

NIL 
<cl> 
<cl> 
BMMSIS 
<cl> 
((5 (ONB $)) (4 (NOT ONM $)) (3 (ONM $)) (2 (NOT ONS $)) (1 (ISPEG $)) (0 (ONS $))) 
<cl> 
<cl> 
(0 0 0 0 0 0) 
<cl> 
<cl> expanded  = 20
generated = 30
expanded  = 40
generated = 65
expanded  = 60
generated = 96
expanded  = 80
generated = 144
expanded  = 100
generated = 183
expanded  = 120
generated = 226
expanded  = 140
generated = 264
expanded  = 160
generated = 314
expanded  = 180
generated = 347
expanded  = 200
generated = 382
abtweak planner  run statistics
planner-mode   : ABTWEAK
search type    : 4
debug          : NIL
determine via  : FIRST
backwards-mode : NIL
heuristic      : D
nodes expanded : 200
nodes generated: 382
solution depth : 0
max node succ  : 10
max conflicts  : 2
branch factors : ((0 0.0) (1 0.0) (2 2.03) (3 2.2) (4 3.08) (5 1.75))

a: criticality levels    : 5
a: criticality depth mode: NIL
a: k learning mode       : NIL
a: top-down flag         : NIL
a: top-down pruned       : 0
a: abs goal mode         : NIL
a: monotonic sol property: WEAK
a: msp weak mode         : POS
a: weak msp   pruned     : 79
a: strong msp pruned     : 0
a: abstract nodes gen    : 38
expanded  = 220
generated = 424
expanded  = 240
generated = 457
expanded  = 260
generated = 489
expanded  = 280
generated = 546
expanded  = 300
generated = 599
expanded  = 320
generated = 634
expanded  = 340
generated = 665
expanded  = 360
generated = 698
expanded  = 380
generated = 731
expanded  = 400
generated = 757
abtweak planner  run statistics
planner-mode   : ABTWEAK
search type    : 4
debug          : NIL
determine via  : FIRST
backwards-mode : NIL
heuristic      : D
nodes expanded : 400
nodes generated: 757
solution depth : 0
max node succ  : 10
max conflicts  : 2
branch factors : ((0 0.0) (1 0.26) (2 2.59) (3 2.06) (4 3.06) (5 1.8))

a: criticality levels    : 5
a: criticality depth mode: NIL
a: k learning mode       : NIL
a: top-down flag         : NIL
a: top-down pruned       : 0
a: abs goal mode         : NIL
a: monotonic sol property: WEAK
a: msp weak mode         : POS
a: weak msp   pruned     : 153
a: strong msp pruned     : 0
a: abstract nodes gen    : 86
expanded  = 420
generated = 798
expanded  = 440
generated = 829
expanded  = 460
generated = 874
expanded  = 480
generated = 913
expanded  = 500
generated = 948
expanded  = 520
generated = 990
expanded  = 540
generated = 1022
expanded  = 560
generated = 1073
expanded  = 580
generated = 1110
expanded  = 600
generated = 1156
abtweak planner  run statistics
planner-mode   : ABTWEAK
search type    : 4
debug          : NIL
determine via  : FIRST
backwards-mode : NIL
heuristic      : D
nodes expanded : 600
nodes generated: 1156
solution depth : 0
max node succ  : 11
max conflicts  : 2
branch factors : ((0 0.0) (1 0.26) (2 2.4) (3 1.87) (4 4.41) (5 1.8))

a: criticality levels    : 5
a: criticality depth mode: NIL
a: k learning mode       : NIL
a: top-down flag         : NIL
a: top-down pruned       : 0
a: abs goal mode         : NIL
a: monotonic sol property: WEAK
a: msp weak mode         : POS
a: weak msp   pruned     : 236
a: strong msp pruned     : 0
a: abstract nodes gen    : 134
expanded  = 620
generated = 1193
expanded  = 640
generated = 1246
expanded  = 660
generated = 1282
expanded  = 680
generated = 1331
expanded  = 700
generated = 1387
expanded  = 720
generated = 1429
expanded  = 740
generated = 1472
expanded  = 760
generated = 1506
expanded  = 780
generated = 1549
expanded  = 800
generated = 1595
abtweak planner  run statistics
planner-mode   : ABTWEAK
search type    : 4
debug          : NIL
determine via  : FIRST
backwards-mode : NIL
heuristic      : D
nodes expanded : 800
nodes generated: 1595
solution depth : 0
max node succ  : 11
max conflicts  : 3
branch factors : ((0 0.0) (1 0.26) (2 2.36) (3 1.77) (4 5.13) (5 1.8))

a: criticality levels    : 5
a: criticality depth mode: NIL
a: k learning mode       : NIL
a: top-down flag         : NIL
a: top-down pruned       : 0
a: abs goal mode         : NIL
a: monotonic sol property: WEAK
a: msp weak mode         : POS
a: weak msp   pruned     : 279
a: strong msp pruned     : 0
a: abstract nodes gen    : 184
expanded  = 820
generated = 1630
expanded  = 840
generated = 1670
expanded  = 860
generated = 1710
expanded  = 880
generated = 1744
expanded  = 900
generated = 1788
expanded  = 920
generated = 1829
expanded  = 940
generated = 1864
expanded  = 960
generated = 1910
expanded  = 980
generated = 1956
expanded  = 1000
generated = 2000
abtweak planner  run statistics
planner-mode   : ABTWEAK
search type    : 4
debug          : NIL
determine via  : FIRST
backwards-mode : NIL
heuristic      : D
nodes expanded : 1000
nodes generated: 2000
solution depth : 0
max node succ  : 11
max conflicts  : 3
branch factors : ((0 0.0) (1 0.25) (2 2.34) (3 1.7) (4 5.21) (5 1.8))

a: criticality levels    : 5
a: criticality depth mode: NIL
a: k learning mode       : NIL
a: top-down flag         : NIL
a: top-down pruned       : 0
a: abs goal mode         : NIL
a: monotonic sol property: WEAK
a: msp weak mode         : POS
a: weak msp   pruned     : 324
a: strong msp pruned     : 0
a: abstract nodes gen    : 235
expanded  = 1020
generated = 2036
expanded  = 1040
generated = 2081
expanded  = 1060
generated = 2119
expanded  = 1080
generated = 2155
expanded  = 1100
generated = 2187
expanded  = 1120
generated = 2236
expanded  = 1140
generated = 2258
expanded  = 1160
generated = 2301
expanded  = 1180
generated = 2343
expanded  = 1200
generated = 2377
abtweak planner  run statistics
planner-mode   : ABTWEAK
search type    : 4
debug          : NIL
determine via  : FIRST
backwards-mode : NIL
heuristic      : D
nodes expanded : 1200
nodes generated: 2377
solution depth : 0
max node succ  : 11
max conflicts  : 3
branch factors : ((0 0.0) (1 0.25) (2 2.25) (3 1.67) (4 5.07) (5 1.8))

a: criticality levels    : 5
a: criticality depth mode: NIL
a: k learning mode       : NIL
a: top-down flag         : NIL
a: top-down pruned       : 0
a: abs goal mode         : NIL
a: monotonic sol property: WEAK
a: msp weak mode         : POS
a: weak msp   pruned     : 426
a: strong msp pruned     : 0
a: abstract nodes gen    : 291
expanded  = 1220
generated = 2416
expanded  = 1240
generated = 2453
expanded  = 1260
generated = 2486
expanded  = 1280
generated = 2526
expanded  = 1300
generated = 2553
expanded  = 1320
generated = 2578
expanded  = 1340
generated = 2612
expanded  = 1360
generated = 2637
expanded  = 1380
generated = 2666
expanded  = 1400
generated = 2690
abtweak planner  run statistics
planner-mode   : ABTWEAK
search type    : 4
debug          : NIL
determine via  : FIRST
backwards-mode : NIL
heuristic      : D
nodes expanded : 1400
nodes generated: 2690
solution depth : 0
max node succ  : 11
max conflicts  : 3
branch factors : ((0 0.0) (1 0.25) (2 2.06) (3 1.68) (4 4.93) (5 1.8))

a: criticality levels    : 5
a: criticality depth mode: NIL
a: k learning mode       : NIL
a: top-down flag         : NIL
a: top-down pruned       : 0
a: abs goal mode         : NIL
a: monotonic sol property: WEAK
a: msp weak mode         : POS
a: weak msp   pruned     : 645
a: strong msp pruned     : 0
a: abstract nodes gen    : 353
expanded  = 1420
generated = 2716
expanded  = 1440
generated = 2749
expanded  = 1460
generated = 2779
expanded  = 1480
generated = 2805
expanded  = 1500
generated = 2836
Limit EXPAND reached
; Exiting Lisp
