Allegro CL 3.1.13.1 [Sun4] (0/0/0)
Copyright (C) 1985-1990, Franz Inc., Berkeley, CA, USA
; Loading /u/sgwoods/Plan/Planner/init.lsp.


type  (start) to re-load planner

; Loading /u/sgwoods/Plan/Planner/init-o.lsp.
; Fast loading /u/sgwoods/Plan/Planner/Search/search-load.fasl.
; Fast loading /u/sgwoods/Plan/Planner/Search/search.fasl.
; Fast loading /u/sgwoods/Plan/Planner/Search/graphsearch.fasl.
; Fast loading /u/sgwoods/Plan/Planner/Search/graph-ctrl.fasl.
; Fast loading /u/sgwoods/Plan/Planner/Search/list-access.fasl.
; Fast loading /u/sgwoods/Plan/Planner/Search/node-access.fasl.
; Fast loading /u/sgwoods/Plan/Planner/Search/interface.fasl.
; Fast loading /u/sgwoods/Plan/Planner/Search/state-expansion.fasl.
; Loading /u/sgwoods/Plan/Planner/Search/Maint/compile.lsp.
; Fast loading /u/sgwoods/Plan/Planner/planner.fasl.
; Fast loading /u/sgwoods/Plan/Planner/branch.fasl.
; Fast loading /u/sgwoods/Plan/Planner/driver.fasl.
; Fast loading /u/sgwoods/Plan/Tweak2/init.fasl.
; Fast loading /u/sgwoods/Plan/Tweak2/general.fasl.
; Fast loading /u/sgwoods/Plan/Tweak2/structs.fasl.
; Fast loading /u/sgwoods/Plan/Tweak2/mtc.fasl.
; Fast loading /u/sgwoods/Plan/Tweak2/successors.fasl.
; Fast loading /u/sgwoods/Plan/Tweak2/tree.fasl.
; Fast loading /u/sgwoods/Plan/Tweak2/Succ/find-new-ests.fasl.
; Fast loading /u/sgwoods/Plan/Tweak2/Succ/select-ops.fasl.
; Fast loading /u/sgwoods/Plan/Tweak2/Succ/find-exist-ests.fasl.
; Fast loading /u/sgwoods/Plan/Tweak2/Succ/find-pos-exist-ests.fasl.
; Fast loading /u/sgwoods/Plan/Tweak2/Succ/find-nec-exist-ests.fasl.
; Fast loading /u/sgwoods/Plan/Tweak2/Conf-infer/classify.fasl.
; Fast loading /u/sgwoods/Plan/Tweak2/Conf-infer/declob.fasl.
; Fast loading /u/sgwoods/Plan/Tweak2/Conf-infer/conflict-detection.fasl.
; Fast loading /u/sgwoods/Plan/Tweak2/Conf-infer/intermed-access.fasl.
; Fast loading /u/sgwoods/Plan/Tweak2/Plan-infer/plan-dependent.fasl.
; Fast loading /u/sgwoods/Plan/Tweak2/Plan-infer/plan-inference.fasl.
; Fast loading /u/sgwoods/Plan/Tweak2/Plan-infer/cr-access.fasl.
; Fast loading /u/sgwoods/Plan/Tweak2/Plan-infer/plan-modification.fasl.
; Fast loading /u/sgwoods/Plan/Tweak2/Plan-infer/show-plan.fasl.
; Fast loading /u/sgwoods/Plan/Tweak2/debug.fasl.
; Fast loading /u/sgwoods/Plan/Tweak2/Maint/compile.fasl.
; Fast loading /u/sgwoods/Plan/AbTweak2/init.fasl.
; Fast loading /u/sgwoods/Plan/AbTweak2/ab-mtc.fasl.
; Fast loading /u/sgwoods/Plan/AbTweak2/ab-succ.fasl.
; Fast loading /u/sgwoods/Plan/AbTweak2/ab-causal.fasl.
; Fast loading /u/sgwoods/Plan/AbTweak2/ab-msp.fasl.
; Fast loading /u/sgwoods/Plan/AbTweak2/ab-mono.fasl.
; Fast loading /u/sgwoods/Plan/AbTweak2/Maint/compile.fasl.
; Loading /u/sgwoods/Plan/Planner/Domains/load-functions.lsp.
; Loading /u/sgwoods/Plan/Planner/Domains/nils-blocks.lsp.
domain definition for: NILSSONS-BLOCKS-WORLD
operators    : 
(#s(OPERATOR :OPID PICKUP :NAME (PICKUP $X) :PRECONDITIONS ((ONTABLE $X) (CLEAR $X) (HANDEMPTY)) :EFFECTS ((HOLDING $X) (NOT ONTABLE $X) (NOT CLEAR $X) (NOT HANDEMPTY))) #s(OPERATOR :OPID PUTDOWN :NAME (PUTDOWN $X) :PRECONDITIONS ((HOLDING $X)) :EFFECTS ((ONTABLE $X) (CLEAR $X) (HANDEMPTY) (NOT HOLDING $X))) #s(OPERATOR :OPID STACK :NAME (STACK $X $Y) :PRECONDITIONS ((HOLDING $X) (CLEAR $Y)) :EFFECTS ((ON $X $Y) (CLEAR $X) (HANDEMPTY) (NOT HOLDING $X) (NOT CLEAR $Y))) #s(OPERATOR :OPID UNSTACK :NAME (UNSTACK $X $Y) :PRECONDITIONS ((ON $X $Y) (CLEAR $X) (HANDEMPTY)) :EFFECTS ((CLEAR $Y) (NOT CLEAR $X) (NOT HANDEMPTY) (HOLDING $X) (NOT ON $X $Y))))
initial state: ((ON C A) (ONTABLE A) (ONTABLE B) (CLEAR C) (CLEAR B) (HANDEMPTY))
goal state   : ((ON A B) (ON B C))
; Fast loading /u/sgwoods/Plan/Planner/useful.fasl.
<cl> 
; Loading /u/sgwoods/Plan/Planner/Domains/hanoi-3.lsp.
domain definition for: HANOI-3-ISPEG
operators    : 
(#s(OPERATOR :OPID MOVEB :NAME (MOVEB $X $Y) :PRECONDITIONS ((ISPEG $X) (ISPEG $Y) (NOT ONS $X) (NOT ONM $X) (NOT ONS $Y) (NOT ONM $Y) (ONB $X)) :EFFECTS ((NOT ONB $X) (ONB $Y))) #s(OPERATOR :OPID MOVEM :NAME (MOVEM $X $Y) :PRECONDITIONS ((ISPEG $X) (ISPEG $Y) (NOT ONS $X) (NOT ONS $Y) (ONM $X)) :EFFECTS ((NOT ONM $X) (ONM $Y))) #s(OPERATOR :OPID MOVES :NAME (MOVES $X $Y) :PRECONDITIONS ((ISPEG $X) (ISPEG $Y) (ONS $X)) :EFFECTS ((NOT ONS $X) (ONS $Y))))
initial state: ((ISPEG PEG1) (ISPEG PEG2) (ISPEG PEG3) (ONB PEG1) (ONM PEG1) (ONS PEG1) (NOT ONB PEG2) (NOT ONB PEG3) (NOT ONM PEG2) (NOT ONM PEG3) (NOT ONS PEG2) (NOT ONS PEG3))
goal state   : ((ONB PEG3) (ONM PEG3) (ONS PEG3))

NIL 
<cl> 
<cl> 
BMMSSI 
<cl> 
((5 (ONB $)) (4 (NOT ONM $)) (3 (ONM $)) (2 (NOT ONS $)) (1 (ONS $)) (0 (ISPEG $))) 
<cl> 
<cl> 
(0 0 0 0 0 0) 
<cl> 
<cl> expanded  = 20
generated = 30
expanded  = 40
generated = 64
expanded  = 60
generated = 96
expanded  = 80
generated = 141
expanded  = 100
generated = 177
expanded  = 120
generated = 222
expanded  = 140
generated = 260
expanded  = 160
generated = 303
expanded  = 180
generated = 346
expanded  = 200
generated = 381
abtweak planner  run statistics
planner-mode   : ABTWEAK
search type    : 4
debug          : NIL
determine via  : FIRST
backwards-mode : NIL
heuristic      : D
nodes expanded : 200
nodes generated: 381
solution depth : 0
max node succ  : 10
max conflicts  : 2
branch factors : ((0 0.0) (1 1.67) (2 2.08) (3 2.21) (4 3.08) (5 1.75))

a: criticality levels    : 5
a: criticality depth mode: NIL
a: k learning mode       : NIL
a: top-down flag         : NIL
a: top-down pruned       : 0
a: abs goal mode         : NIL
a: monotonic sol property: WEAK
a: msp weak mode         : POS
a: weak msp   pruned     : 88
a: strong msp pruned     : 0
a: abstract nodes gen    : 39
expanded  = 220
generated = 413
expanded  = 240
generated = 456
expanded  = 260
generated = 491
expanded  = 280
generated = 526
expanded  = 300
generated = 596
expanded  = 320
generated = 622
expanded  = 340
generated = 651
expanded  = 360
generated = 691
expanded  = 380
generated = 727
expanded  = 400
generated = 755
abtweak planner  run statistics
planner-mode   : ABTWEAK
search type    : 4
debug          : NIL
determine via  : FIRST
backwards-mode : NIL
heuristic      : D
nodes expanded : 400
nodes generated: 755
solution depth : 0
max node succ  : 10
max conflicts  : 2
branch factors : ((0 0.07) (1 1.07) (2 2.69) (3 2.12) (4 3.21) (5 1.75))

a: criticality levels    : 5
a: criticality depth mode: NIL
a: k learning mode       : NIL
a: top-down flag         : NIL
a: top-down pruned       : 0
a: abs goal mode         : NIL
a: monotonic sol property: WEAK
a: msp weak mode         : POS
a: weak msp   pruned     : 191
a: strong msp pruned     : 0
a: abstract nodes gen    : 88
expanded  = 420
generated = 790
expanded  = 440
generated = 817
expanded  = 460
generated = 856
expanded  = 480
generated = 886
expanded  = 500
generated = 928
expanded  = 520
generated = 972
expanded  = 540
generated = 1007
expanded  = 560
generated = 1035
expanded  = 580
generated = 1082
expanded  = 600
generated = 1129
abtweak planner  run statistics
planner-mode   : ABTWEAK
search type    : 4
debug          : NIL
determine via  : FIRST
backwards-mode : NIL
heuristic      : D
nodes expanded : 600
nodes generated: 1129
solution depth : 0
max node succ  : 11
max conflicts  : 2
branch factors : ((0 0.07) (1 1.07) (2 2.42) (3 1.88) (4 4.18) (5 1.8))

a: criticality levels    : 5
a: criticality depth mode: NIL
a: k learning mode       : NIL
a: top-down flag         : NIL
a: top-down pruned       : 0
a: abs goal mode         : NIL
a: monotonic sol property: WEAK
a: msp weak mode         : POS
a: weak msp   pruned     : 310
a: strong msp pruned     : 0
a: abstract nodes gen    : 136
expanded  = 620
generated = 1166
expanded  = 640
generated = 1214
expanded  = 660
generated = 1252
expanded  = 680
generated = 1302
expanded  = 700
generated = 1340
expanded  = 720
generated = 1383
expanded  = 740
generated = 1439
expanded  = 760
generated = 1486
expanded  = 780
generated = 1531
expanded  = 800
generated = 1565
abtweak planner  run statistics
planner-mode   : ABTWEAK
search type    : 4
debug          : NIL
determine via  : FIRST
backwards-mode : NIL
heuristic      : D
nodes expanded : 800
nodes generated: 1565
solution depth : 0
max node succ  : 11
max conflicts  : 3
branch factors : ((0 0.07) (1 1.07) (2 2.36) (3 1.79) (4 5.07) (5 1.8))

a: criticality levels    : 5
a: criticality depth mode: NIL
a: k learning mode       : NIL
a: top-down flag         : NIL
a: top-down pruned       : 0
a: abs goal mode         : NIL
a: monotonic sol property: WEAK
a: msp weak mode         : POS
a: weak msp   pruned     : 357
a: strong msp pruned     : 0
a: abstract nodes gen    : 186
expanded  = 820
generated = 1607
expanded  = 840
generated = 1653
expanded  = 860
generated = 1688
expanded  = 880
generated = 1727
expanded  = 900
generated = 1769
expanded  = 920
generated = 1803
expanded  = 940
generated = 1843
expanded  = 960
generated = 1879
expanded  = 980
generated = 1920
expanded  = 1000
generated = 1970
abtweak planner  run statistics
planner-mode   : ABTWEAK
search type    : 4
debug          : NIL
determine via  : FIRST
backwards-mode : NIL
heuristic      : D
nodes expanded : 1000
nodes generated: 1970
solution depth : 0
max node succ  : 11
max conflicts  : 3
branch factors : ((0 0.07) (1 1.07) (2 2.35) (3 1.71) (4 5.1) (5 1.8))

a: criticality levels    : 5
a: criticality depth mode: NIL
a: k learning mode       : NIL
a: top-down flag         : NIL
a: top-down pruned       : 0
a: abs goal mode         : NIL
a: monotonic sol property: WEAK
a: msp weak mode         : POS
a: weak msp   pruned     : 364
a: strong msp pruned     : 0
a: abstract nodes gen    : 239
expanded  = 1020
generated = 2014
expanded  = 1040
generated = 2052
expanded  = 1060
generated = 2091
expanded  = 1080
generated = 2133
expanded  = 1100
generated = 2173
expanded  = 1120
generated = 2210
expanded  = 1140
generated = 2246
expanded  = 1160
generated = 2285
expanded  = 1180
generated = 2317
expanded  = 1200
generated = 2360
abtweak planner  run statistics
planner-mode   : ABTWEAK
search type    : 4
debug          : NIL
determine via  : FIRST
backwards-mode : NIL
heuristic      : D
nodes expanded : 1200
nodes generated: 2360
solution depth : 0
max node succ  : 11
max conflicts  : 3
branch factors : ((0 0.07) (1 1.1) (2 2.25) (3 1.69) (4 5.14) (5 1.8))

a: criticality levels    : 5
a: criticality depth mode: NIL
a: k learning mode       : NIL
a: top-down flag         : NIL
a: top-down pruned       : 0
a: abs goal mode         : NIL
a: monotonic sol property: WEAK
a: msp weak mode         : POS
a: weak msp   pruned     : 508
a: strong msp pruned     : 0
a: abstract nodes gen    : 289
expanded  = 1220
generated = 2402
expanded  = 1240
generated = 2436
expanded  = 1260
generated = 2471
expanded  = 1280
generated = 2517
expanded  = 1300
generated = 2545
expanded  = 1320
generated = 2586
expanded  = 1340
generated = 2611
expanded  = 1360
generated = 2639
expanded  = 1380
generated = 2665
expanded  = 1400
generated = 2697
abtweak planner  run statistics
planner-mode   : ABTWEAK
search type    : 4
debug          : NIL
determine via  : FIRST
backwards-mode : NIL
heuristic      : D
nodes expanded : 1400
nodes generated: 2697
solution depth : 0
max node succ  : 11
max conflicts  : 3
branch factors : ((0 0.07) (1 1.1) (2 2.13) (3 1.67) (4 4.93) (5 1.8))

a: criticality levels    : 5
a: criticality depth mode: NIL
a: k learning mode       : NIL
a: top-down flag         : NIL
a: top-down pruned       : 0
a: abs goal mode         : NIL
a: monotonic sol property: WEAK
a: msp weak mode         : POS
a: weak msp   pruned     : 667
a: strong msp pruned     : 0
a: abstract nodes gen    : 349
expanded  = 1420
generated = 2724
expanded  = 1440
generated = 2749
expanded  = 1460
generated = 2777
expanded  = 1480
generated = 2803
expanded  = 1500
generated = 2839
Limit EXPAND reached
; Exiting Lisp
