Allegro CL 3.1.13.1 [Sun4] (0/0/0)
Copyright (C) 1985-1990, Franz Inc., Berkeley, CA, USA
; Loading /u/sgwoods/Plan/Planner/init.lsp.


type  (start) to re-load planner

; Loading /u/sgwoods/Plan/Planner/init-o.lsp.
; Fast loading /u/sgwoods/Plan/Planner/Search/search-load.fasl.
; Fast loading /u/sgwoods/Plan/Planner/Search/search.fasl.
; Fast loading /u/sgwoods/Plan/Planner/Search/graphsearch.fasl.
; Fast loading /u/sgwoods/Plan/Planner/Search/graph-ctrl.fasl.
; Fast loading /u/sgwoods/Plan/Planner/Search/list-access.fasl.
; Fast loading /u/sgwoods/Plan/Planner/Search/node-access.fasl.
; Fast loading /u/sgwoods/Plan/Planner/Search/interface.fasl.
; Fast loading /u/sgwoods/Plan/Planner/Search/state-expansion.fasl.
; Loading /u/sgwoods/Plan/Planner/Search/Maint/compile.lsp.
; Fast loading /u/sgwoods/Plan/Planner/planner.fasl.
; Fast loading /u/sgwoods/Plan/Planner/branch.fasl.
; Fast loading /u/sgwoods/Plan/Planner/driver.fasl.
; Fast loading /u/sgwoods/Plan/Tweak2/init.fasl.
; Fast loading /u/sgwoods/Plan/Tweak2/general.fasl.
; Fast loading /u/sgwoods/Plan/Tweak2/structs.fasl.
; Fast loading /u/sgwoods/Plan/Tweak2/mtc.fasl.
; Fast loading /u/sgwoods/Plan/Tweak2/successors.fasl.
; Fast loading /u/sgwoods/Plan/Tweak2/tree.fasl.
; Fast loading /u/sgwoods/Plan/Tweak2/Succ/find-new-ests.fasl.
; Fast loading /u/sgwoods/Plan/Tweak2/Succ/select-ops.fasl.
; Fast loading /u/sgwoods/Plan/Tweak2/Succ/find-exist-ests.fasl.
; Fast loading /u/sgwoods/Plan/Tweak2/Succ/find-pos-exist-ests.fasl.
; Fast loading /u/sgwoods/Plan/Tweak2/Succ/find-nec-exist-ests.fasl.
; Fast loading /u/sgwoods/Plan/Tweak2/Conf-infer/classify.fasl.
; Fast loading /u/sgwoods/Plan/Tweak2/Conf-infer/declob.fasl.
; Fast loading /u/sgwoods/Plan/Tweak2/Conf-infer/conflict-detection.fasl.
; Fast loading /u/sgwoods/Plan/Tweak2/Conf-infer/intermed-access.fasl.
; Fast loading /u/sgwoods/Plan/Tweak2/Plan-infer/plan-dependent.fasl.
; Fast loading /u/sgwoods/Plan/Tweak2/Plan-infer/plan-inference.fasl.
; Fast loading /u/sgwoods/Plan/Tweak2/Plan-infer/cr-access.fasl.
; Fast loading /u/sgwoods/Plan/Tweak2/Plan-infer/plan-modification.fasl.
; Fast loading /u/sgwoods/Plan/Tweak2/Plan-infer/show-plan.fasl.
; Fast loading /u/sgwoods/Plan/Tweak2/debug.fasl.
; Fast loading /u/sgwoods/Plan/Tweak2/Maint/compile.fasl.
; Fast loading /u/sgwoods/Plan/AbTweak2/init.fasl.
; Fast loading /u/sgwoods/Plan/AbTweak2/ab-mtc.fasl.
; Fast loading /u/sgwoods/Plan/AbTweak2/ab-succ.fasl.
; Fast loading /u/sgwoods/Plan/AbTweak2/ab-causal.fasl.
; Fast loading /u/sgwoods/Plan/AbTweak2/ab-msp.fasl.
; Fast loading /u/sgwoods/Plan/AbTweak2/ab-mono.fasl.
; Fast loading /u/sgwoods/Plan/AbTweak2/Maint/compile.fasl.
; Loading /u/sgwoods/Plan/Planner/Domains/load-functions.lsp.
; Loading /u/sgwoods/Plan/Planner/Domains/nils-blocks.lsp.
domain definition for: NILSSONS-BLOCKS-WORLD
operators    : 
(#s(OPERATOR :OPID PICKUP :NAME (PICKUP $X) :PRECONDITIONS ((ONTABLE $X) (CLEAR $X) (HANDEMPTY)) :EFFECTS ((HOLDING $X) (NOT ONTABLE $X) (NOT CLEAR $X) (NOT HANDEMPTY))) #s(OPERATOR :OPID PUTDOWN :NAME (PUTDOWN $X) :PRECONDITIONS ((HOLDING $X)) :EFFECTS ((ONTABLE $X) (CLEAR $X) (HANDEMPTY) (NOT HOLDING $X))) #s(OPERATOR :OPID STACK :NAME (STACK $X $Y) :PRECONDITIONS ((HOLDING $X) (CLEAR $Y)) :EFFECTS ((ON $X $Y) (CLEAR $X) (HANDEMPTY) (NOT HOLDING $X) (NOT CLEAR $Y))) #s(OPERATOR :OPID UNSTACK :NAME (UNSTACK $X $Y) :PRECONDITIONS ((ON $X $Y) (CLEAR $X) (HANDEMPTY)) :EFFECTS ((CLEAR $Y) (NOT CLEAR $X) (NOT HANDEMPTY) (HOLDING $X) (NOT ON $X $Y))))
initial state: ((ON C A) (ONTABLE A) (ONTABLE B) (CLEAR C) (CLEAR B) (HANDEMPTY))
goal state   : ((ON A B) (ON B C))
; Fast loading /u/sgwoods/Plan/Planner/useful.fasl.
<cl> 
; Loading /u/sgwoods/Plan/Planner/Domains/hanoi-3.lsp.
domain definition for: HANOI-3-ISPEG
operators    : 
(#s(OPERATOR :OPID MOVEB :NAME (MOVEB $X $Y) :PRECONDITIONS ((ISPEG $X) (ISPEG $Y) (NOT ONS $X) (NOT ONM $X) (NOT ONS $Y) (NOT ONM $Y) (ONB $X)) :EFFECTS ((NOT ONB $X) (ONB $Y))) #s(OPERATOR :OPID MOVEM :NAME (MOVEM $X $Y) :PRECONDITIONS ((ISPEG $X) (ISPEG $Y) (NOT ONS $X) (NOT ONS $Y) (ONM $X)) :EFFECTS ((NOT ONM $X) (ONM $Y))) #s(OPERATOR :OPID MOVES :NAME (MOVES $X $Y) :PRECONDITIONS ((ISPEG $X) (ISPEG $Y) (ONS $X)) :EFFECTS ((NOT ONS $X) (ONS $Y))))
initial state: ((ISPEG PEG1) (ISPEG PEG2) (ISPEG PEG3) (ONB PEG1) (ONM PEG1) (ONS PEG1) (NOT ONB PEG2) (NOT ONB PEG3) (NOT ONM PEG2) (NOT ONM PEG3) (NOT ONS PEG2) (NOT ONS PEG3))
goal state   : ((ONB PEG3) (ONM PEG3) (ONS PEG3))

NIL 
<cl> 
<cl> 
; Loading /u/sgwoods/Plan/Planner/Domains/hanoi-3/isbm.

T 
<cl> 
<cl> expanded  = 20
generated = 22
expanded  = 40
generated = 50
expanded  = 60
generated = 77
expanded  = 80
generated = 102
expanded  = 100
generated = 131
expanded  = 120
generated = 155
expanded  = 140
generated = 183
expanded  = 160
generated = 204
expanded  = 180
generated = 226
expanded  = 200
generated = 261
abtweak planner  run statistics
planner-mode   : ABTWEAK
search type    : 4
debug          : NIL
determine via  : FIRST
backwards-mode : NIL
heuristic      : D
nodes expanded : 200
nodes generated: 261
solution depth : 0
max node succ  : 6
max conflicts  : 2
branch factors : ((0 1.44) (1 1.25) (2 1.44) (3 0.0))

a: criticality levels    : 3
a: criticality depth mode: NIL
a: k learning mode       : NIL
a: top-down flag         : NIL
a: top-down pruned       : 0
a: abs goal mode         : NIL
a: monotonic sol property: WEAK
a: msp weak mode         : NEC
a: weak msp   pruned     : 119
a: strong msp pruned     : 0
a: abstract nodes gen    : 9
expanded  = 220
generated = 286
expanded  = 240
generated = 309
expanded  = 260
generated = 339
expanded  = 280
generated = 363
expanded  = 300
generated = 387
expanded  = 320
generated = 410
expanded  = 340
generated = 433
expanded  = 360
generated = 456
expanded  = 380
generated = 486
expanded  = 400
generated = 509
abtweak planner  run statistics
planner-mode   : ABTWEAK
search type    : 4
debug          : NIL
determine via  : FIRST
backwards-mode : NIL
heuristic      : D
nodes expanded : 400
nodes generated: 509
solution depth : 0
max node succ  : 6
max conflicts  : 3
branch factors : ((0 1.33) (1 1.23) (2 1.45) (3 0.0))

a: criticality levels    : 3
a: criticality depth mode: NIL
a: k learning mode       : NIL
a: top-down flag         : NIL
a: top-down pruned       : 0
a: abs goal mode         : NIL
a: monotonic sol property: WEAK
a: msp weak mode         : NEC
a: weak msp   pruned     : 263
a: strong msp pruned     : 0
a: abstract nodes gen    : 12
expanded  = 420
generated = 539
expanded  = 440
generated = 573
expanded  = 460
generated = 611
expanded  = 480
generated = 634
expanded  = 500
generated = 665
expanded  = 520
generated = 687
expanded  = 540
generated = 712
expanded  = 560
generated = 734
expanded  = 580
generated = 762
expanded  = 600
generated = 784
abtweak planner  run statistics
planner-mode   : ABTWEAK
search type    : 4
debug          : NIL
determine via  : FIRST
backwards-mode : NIL
heuristic      : D
nodes expanded : 600
nodes generated: 784
solution depth : 0
max node succ  : 8
max conflicts  : 3
branch factors : ((0 1.38) (1 1.23) (2 1.46) (3 0.0))

a: criticality levels    : 3
a: criticality depth mode: NIL
a: k learning mode       : NIL
a: top-down flag         : NIL
a: top-down pruned       : 0
a: abs goal mode         : NIL
a: monotonic sol property: WEAK
a: msp weak mode         : NEC
a: weak msp   pruned     : 418
a: strong msp pruned     : 0
a: abstract nodes gen    : 16
expanded  = 620
generated = 804
expanded  = 640
generated = 830
expanded  = 660
generated = 853
expanded  = 680
generated = 876
expanded  = 700
generated = 897
expanded  = 720
generated = 926
expanded  = 740
generated = 949
expanded  = 760
generated = 973
expanded  = 780
generated = 996
expanded  = 800
generated = 1026
abtweak planner  run statistics
planner-mode   : ABTWEAK
search type    : 4
debug          : NIL
determine via  : FIRST
backwards-mode : NIL
heuristic      : D
nodes expanded : 800
nodes generated: 1026
solution depth : 0
max node succ  : 8
max conflicts  : 3
branch factors : ((0 1.35) (1 1.21) (2 1.46) (3 0.0))

a: criticality levels    : 3
a: criticality depth mode: NIL
a: k learning mode       : NIL
a: top-down flag         : NIL
a: top-down pruned       : 0
a: abs goal mode         : NIL
a: monotonic sol property: WEAK
a: msp weak mode         : NEC
a: weak msp   pruned     : 600
a: strong msp pruned     : 0
a: abstract nodes gen    : 16
expanded  = 820
generated = 1050
expanded  = 840
generated = 1078
expanded  = 860
generated = 1113
expanded  = 880
generated = 1142
expanded  = 900
generated = 1184
expanded  = 920
generated = 1211
expanded  = 940
generated = 1232
expanded  = 960
generated = 1265
expanded  = 980
generated = 1288
expanded  = 1000
generated = 1312
abtweak planner  run statistics
planner-mode   : ABTWEAK
search type    : 4
debug          : NIL
determine via  : FIRST
backwards-mode : NIL
heuristic      : D
nodes expanded : 1000
nodes generated: 1312
solution depth : 0
max node succ  : 8
max conflicts  : 4
branch factors : ((0 1.39) (1 1.22) (2 1.47) (3 0.0))

a: criticality levels    : 3
a: criticality depth mode: NIL
a: k learning mode       : NIL
a: top-down flag         : NIL
a: top-down pruned       : 0
a: abs goal mode         : NIL
a: monotonic sol property: WEAK
a: msp weak mode         : NEC
a: weak msp   pruned     : 735
a: strong msp pruned     : 0
a: abstract nodes gen    : 20
expanded  = 1020
generated = 1344
Warning: 5036664 bytes have been tenured; (gc t) is recommended.
Warning: 5040656 bytes have been tenured; (gc t) is recommended.
expanded  = 1040
generated = 1366
Warning: 5044368 bytes have been tenured; (gc t) is recommended.
Warning: 5048120 bytes have been tenured; (gc t) is recommended.
Warning: 5048424 bytes have been tenured; (gc t) is recommended.
Warning: 5048944 bytes have been tenured; (gc t) is recommended.
Warning: 5052888 bytes have been tenured; (gc t) is recommended.
Warning: 5053144 bytes have been tenured; (gc t) is recommended.
Warning: 5053656 bytes have been tenured; (gc t) is recommended.
Warning: 5057608 bytes have been tenured; (gc t) is recommended.
Warning: 5061304 bytes have been tenured; (gc t) is recommended.
Warning: 5148560 bytes have been tenured; (gc t) is recommended.
Warning: 5149080 bytes have been tenured; (gc t) is recommended.
Warning: 5155432 bytes have been tenured; (gc t) is recommended.
Warning: 5159072 bytes have been tenured; (gc t) is recommended.
Warning: 5165752 bytes have been tenured; (gc t) is recommended.
Warning: 5166216 bytes have been tenured; (gc t) is recommended.
Warning: 5167536 bytes have been tenured; (gc t) is recommended.
Warning: 5172152 bytes have been tenured; (gc t) is recommended.
Warning: 5175264 bytes have been tenured; (gc t) is recommended.
expanded  = 1060
generated = 1393
Warning: 5179944 bytes have been tenured; (gc t) is recommended.
Warning: 5179984 bytes have been tenured; (gc t) is recommended.
Warning: 5184592 bytes have been tenured; (gc t) is recommended.
Warning: 5184928 bytes have been tenured; (gc t) is recommended.
Warning: 5212600 bytes have been tenured; (gc t) is recommended.
Warning: 5213856 bytes have been tenured; (gc t) is recommended.
Warning: 5283096 bytes have been tenured; (gc t) is recommended.
Warning: 5287456 bytes have been tenured; (gc t) is recommended.
Warning: 5287544 bytes have been tenured; (gc t) is recommended.
Warning: 5288464 bytes have been tenured; (gc t) is recommended.
Warning: 5292768 bytes have been tenured; (gc t) is recommended.
Warning: 5292856 bytes have been tenured; (gc t) is recommended.
Warning: 5296496 bytes have been tenured; (gc t) is recommended.
Warning: 5300088 bytes have been tenured; (gc t) is recommended.
Warning: 5300384 bytes have been tenured; (gc t) is recommended.
Warning: 5300768 bytes have been tenured; (gc t) is recommended.
Warning: 5310312 bytes have been tenured; (gc t) is recommended.
Warning: 5313696 bytes have been tenured; (gc t) is recommended.
Warning: 5314136 bytes have been tenured; (gc t) is recommended.
Warning: 5318016 bytes have been tenured; (gc t) is recommended.
Warning: 5322512 bytes have been tenured; (gc t) is recommended.
Warning: 5322608 bytes have been tenured; (gc t) is recommended.
Warning: 5399456 bytes have been tenured; (gc t) is recommended.
Warning: 5412720 bytes have been tenured; (gc t) is recommended.
Warning: 5412792 bytes have been tenured; (gc t) is recommended.
expanded  = 1080
generated = 1426
Warning: 5416672 bytes have been tenured; (gc t) is recommended.
Warning: 5422392 bytes have been tenured; (gc t) is recommended.
Warning: 5427720 bytes have been tenured; (gc t) is recommended.
Warning: 5427720 bytes have been tenured; (gc t) is recommended.
Warning: 5431632 bytes have been tenured; (gc t) is recommended.
Warning: 5435520 bytes have been tenured; (gc t) is recommended.
Warning: 5441408 bytes have been tenured; (gc t) is recommended.

*************************************************
*         solution plan found                    
*************************************************



((I) (MOVES PEG1 PEG3)) 

((MOVES PEG1 PEG3) (MOVEM PEG1 PEG2)) 

((MOVEM PEG1 PEG2) (MOVES PEG3 PEG2)) 

((MOVES PEG3 PEG2) (MOVEB PEG1 PEG3)) 

((MOVEB PEG1 PEG3) (MOVES PEG2 PEG3)) 

((MOVES PEG2 PEG3) (MOVEM PEG2 PEG1)) 

((MOVEM PEG2 PEG1) (MOVES PEG3 PEG2)) 

((MOVES PEG3 PEG2) (MOVEM PEG1 PEG3)) 

((MOVEM PEG1 PEG3) (MOVES PEG2 PEG3)) 

((MOVES PEG2 PEG3) (G)) 
*** node search depth: 29

abtweak planner  run statistics
planner-mode   : ABTWEAK
search type    : 4
debug          : NIL
determine via  : FIRST
backwards-mode : NIL
heuristic      : D
nodes expanded : 1083
nodes generated: 1433
solution depth : 29
max node succ  : 8
max conflicts  : 4
branch factors : ((0 1.4) (1 1.22) (2 1.47) (3 0.0))

a: criticality levels    : 3
a: criticality depth mode: NIL
a: k learning mode       : NIL
a: top-down flag         : NIL
a: top-down pruned       : 0
a: abs goal mode         : NIL
a: monotonic sol property: WEAK
a: msp weak mode         : NEC
a: weak msp   pruned     : 800
a: strong msp pruned     : 0
a: abstract nodes gen    : 20

NIL 
<cl> 
<cl> EOF
Really exit lisp [n]? 
; Exiting Lisp
