Allegro CL 3.1.13.1 [Sun4] (0/0/0)
Copyright (C) 1985-1990, Franz Inc., Berkeley, CA, USA
; Loading /u/sgwoods/Plan/Planner/init.lsp.


type  (start) to re-load planner

; Loading /u/sgwoods/Plan/Planner/init-o.lsp.
; Fast loading /u/sgwoods/Plan/Planner/Search/search-load.fasl.
; Fast loading /u/sgwoods/Plan/Planner/Search/search.fasl.
; Fast loading /u/sgwoods/Plan/Planner/Search/graphsearch.fasl.
; Fast loading /u/sgwoods/Plan/Planner/Search/graph-ctrl.fasl.
; Fast loading /u/sgwoods/Plan/Planner/Search/list-access.fasl.
; Fast loading /u/sgwoods/Plan/Planner/Search/node-access.fasl.
; Fast loading /u/sgwoods/Plan/Planner/Search/interface.fasl.
; Fast loading /u/sgwoods/Plan/Planner/Search/state-expansion.fasl.
; Loading /u/sgwoods/Plan/Planner/Search/Maint/compile.lsp.
; Fast loading /u/sgwoods/Plan/Planner/planner.fasl.
; Fast loading /u/sgwoods/Plan/Planner/branch.fasl.
; Fast loading /u/sgwoods/Plan/Planner/driver.fasl.
; Fast loading /u/sgwoods/Plan/Tweak2/init.fasl.
; Fast loading /u/sgwoods/Plan/Tweak2/general.fasl.
; Fast loading /u/sgwoods/Plan/Tweak2/structs.fasl.
; Fast loading /u/sgwoods/Plan/Tweak2/mtc.fasl.
; Fast loading /u/sgwoods/Plan/Tweak2/successors.fasl.
; Fast loading /u/sgwoods/Plan/Tweak2/tree.fasl.
; Fast loading /u/sgwoods/Plan/Tweak2/Succ/find-new-ests.fasl.
; Fast loading /u/sgwoods/Plan/Tweak2/Succ/select-ops.fasl.
; Fast loading /u/sgwoods/Plan/Tweak2/Succ/find-exist-ests.fasl.
; Fast loading /u/sgwoods/Plan/Tweak2/Succ/find-pos-exist-ests.fasl.
; Fast loading /u/sgwoods/Plan/Tweak2/Succ/find-nec-exist-ests.fasl.
; Fast loading /u/sgwoods/Plan/Tweak2/Conf-infer/classify.fasl.
; Fast loading /u/sgwoods/Plan/Tweak2/Conf-infer/declob.fasl.
; Fast loading /u/sgwoods/Plan/Tweak2/Conf-infer/conflict-detection.fasl.
; Fast loading /u/sgwoods/Plan/Tweak2/Conf-infer/intermed-access.fasl.
; Fast loading /u/sgwoods/Plan/Tweak2/Plan-infer/plan-dependent.fasl.
; Fast loading /u/sgwoods/Plan/Tweak2/Plan-infer/plan-inference.fasl.
; Fast loading /u/sgwoods/Plan/Tweak2/Plan-infer/cr-access.fasl.
; Fast loading /u/sgwoods/Plan/Tweak2/Plan-infer/plan-modification.fasl.
; Fast loading /u/sgwoods/Plan/Tweak2/Plan-infer/show-plan.fasl.
; Fast loading /u/sgwoods/Plan/Tweak2/debug.fasl.
; Fast loading /u/sgwoods/Plan/Tweak2/Maint/compile.fasl.
; Fast loading /u/sgwoods/Plan/AbTweak2/init.fasl.
; Fast loading /u/sgwoods/Plan/AbTweak2/ab-mtc.fasl.
; Fast loading /u/sgwoods/Plan/AbTweak2/ab-succ.fasl.
; Fast loading /u/sgwoods/Plan/AbTweak2/ab-causal.fasl.
; Fast loading /u/sgwoods/Plan/AbTweak2/ab-msp.fasl.
; Fast loading /u/sgwoods/Plan/AbTweak2/ab-mono.fasl.
; Fast loading /u/sgwoods/Plan/AbTweak2/Maint/compile.fasl.
; Loading /u/sgwoods/Plan/Planner/Domains/load-functions.lsp.
; Loading /u/sgwoods/Plan/Planner/Domains/nils-blocks.lsp.
domain definition for: NILSSONS-BLOCKS-WORLD
operators    : 
(#s(OPERATOR :OPID PICKUP :NAME (PICKUP $X) :PRECONDITIONS ((ONTABLE $X) (CLEAR $X) (HANDEMPTY)) :EFFECTS ((HOLDING $X) (NOT ONTABLE $X) (NOT CLEAR $X) (NOT HANDEMPTY))) #s(OPERATOR :OPID PUTDOWN :NAME (PUTDOWN $X) :PRECONDITIONS ((HOLDING $X)) :EFFECTS ((ONTABLE $X) (CLEAR $X) (HANDEMPTY) (NOT HOLDING $X))) #s(OPERATOR :OPID STACK :NAME (STACK $X $Y) :PRECONDITIONS ((HOLDING $X) (CLEAR $Y)) :EFFECTS ((ON $X $Y) (CLEAR $X) (HANDEMPTY) (NOT HOLDING $X) (NOT CLEAR $Y))) #s(OPERATOR :OPID UNSTACK :NAME (UNSTACK $X $Y) :PRECONDITIONS ((ON $X $Y) (CLEAR $X) (HANDEMPTY)) :EFFECTS ((CLEAR $Y) (NOT CLEAR $X) (NOT HANDEMPTY) (HOLDING $X) (NOT ON $X $Y))))
initial state: ((ON C A) (ONTABLE A) (ONTABLE B) (CLEAR C) (CLEAR B) (HANDEMPTY))
goal state   : ((ON A B) (ON B C))
; Fast loading /u/sgwoods/Plan/Planner/useful.fasl.
<cl> 
; Loading /u/sgwoods/Plan/Planner/Domains/hanoi-3.lsp.
domain definition for: HANOI-3-ISPEG
operators    : 
(#s(OPERATOR :OPID MOVEB :NAME (MOVEB $X $Y) :PRECONDITIONS ((ISPEG $X) (ISPEG $Y) (NOT ONS $X) (NOT ONM $X) (NOT ONS $Y) (NOT ONM $Y) (ONB $X)) :EFFECTS ((NOT ONB $X) (ONB $Y))) #s(OPERATOR :OPID MOVEM :NAME (MOVEM $X $Y) :PRECONDITIONS ((ISPEG $X) (ISPEG $Y) (NOT ONS $X) (NOT ONS $Y) (ONM $X)) :EFFECTS ((NOT ONM $X) (ONM $Y))) #s(OPERATOR :OPID MOVES :NAME (MOVES $X $Y) :PRECONDITIONS ((ISPEG $X) (ISPEG $Y) (ONS $X)) :EFFECTS ((NOT ONS $X) (ONS $Y))))
initial state: ((ISPEG PEG1) (ISPEG PEG2) (ISPEG PEG3) (ONB PEG1) (ONM PEG1) (ONS PEG1) (NOT ONB PEG2) (NOT ONB PEG3) (NOT ONM PEG2) (NOT ONM PEG3) (NOT ONS PEG2) (NOT ONS PEG3))
goal state   : ((ONB PEG3) (ONM PEG3) (ONS PEG3))

NIL 
<cl> 
; Loading /u/sgwoods/Plan/Planner/Domains/hanoi-3/smbi.

T 
<cl> 
<cl> expanded  = 20
generated = 27
expanded  = 40
generated = 58
expanded  = 60
generated = 89
expanded  = 80
generated = 132
expanded  = 100
generated = 169
expanded  = 120
generated = 200
expanded  = 140
generated = 236
expanded  = 160
generated = 266
expanded  = 180
generated = 294
expanded  = 200
generated = 327
abtweak planner  run statistics
planner-mode   : ABTWEAK
search type    : 4
debug          : NIL
determine via  : FIRST
backwards-mode : NIL
heuristic      : D
nodes expanded : 200
nodes generated: 327
solution depth : 0
max node succ  : 13
max conflicts  : 3
branch factors : ((0 0.0) (1 1.66) (2 1.75) (3 1.75))

a: criticality levels    : 3
a: criticality depth mode: NIL
a: k learning mode       : NIL
a: top-down flag         : NIL
a: top-down pruned       : 0
a: abs goal mode         : NIL
a: monotonic sol property: WEAK
a: msp weak mode         : POS
a: weak msp   pruned     : 219
a: strong msp pruned     : 0
a: abstract nodes gen    : 9
expanded  = 220
generated = 367
expanded  = 240
generated = 399
expanded  = 260
generated = 445
expanded  = 280
generated = 468
expanded  = 300
generated = 507
expanded  = 320
generated = 542
expanded  = 340
generated = 575
expanded  = 360
generated = 613
expanded  = 380
generated = 647
expanded  = 400
generated = 712
abtweak planner  run statistics
planner-mode   : ABTWEAK
search type    : 4
debug          : NIL
determine via  : FIRST
backwards-mode : NIL
heuristic      : D
nodes expanded : 400
nodes generated: 712
solution depth : 0
max node succ  : 28
max conflicts  : 3
branch factors : ((0 0.1) (1 1.81) (2 2.11) (3 1.8))

a: criticality levels    : 3
a: criticality depth mode: NIL
a: k learning mode       : NIL
a: top-down flag         : NIL
a: top-down pruned       : 0
a: abs goal mode         : NIL
a: monotonic sol property: WEAK
a: msp weak mode         : POS
a: weak msp   pruned     : 415
a: strong msp pruned     : 0
a: abstract nodes gen    : 24
expanded  = 420
generated = 746
expanded  = 440
generated = 790
expanded  = 460
generated = 829
expanded  = 480
generated = 882
expanded  = 500
generated = 937
expanded  = 520
generated = 961
expanded  = 540
generated = 1002
expanded  = 560
generated = 1040
expanded  = 580
generated = 1066
expanded  = 600
generated = 1118
abtweak planner  run statistics
planner-mode   : ABTWEAK
search type    : 4
debug          : NIL
determine via  : FIRST
backwards-mode : NIL
heuristic      : D
nodes expanded : 600
nodes generated: 1118
solution depth : 0
max node succ  : 28
max conflicts  : 3
branch factors : ((0 0.1) (1 1.91) (2 2.1) (3 1.8))

a: criticality levels    : 3
a: criticality depth mode: NIL
a: k learning mode       : NIL
a: top-down flag         : NIL
a: top-down pruned       : 0
a: abs goal mode         : NIL
a: monotonic sol property: WEAK
a: msp weak mode         : POS
a: weak msp   pruned     : 591
a: strong msp pruned     : 0
a: abstract nodes gen    : 31
expanded  = 620
generated = 1147
expanded  = 640
generated = 1197
expanded  = 660
generated = 1222
expanded  = 680
generated = 1274
expanded  = 700
generated = 1305
expanded  = 720
generated = 1341
expanded  = 740
generated = 1395
expanded  = 760
generated = 1421
expanded  = 780
generated = 1448
expanded  = 800
generated = 1481
abtweak planner  run statistics
planner-mode   : ABTWEAK
search type    : 4
debug          : NIL
determine via  : FIRST
backwards-mode : NIL
heuristic      : D
nodes expanded : 800
nodes generated: 1481
solution depth : 0
max node succ  : 28
max conflicts  : 3
branch factors : ((0 0.1) (1 1.88) (2 2.13) (3 1.8))

a: criticality levels    : 3
a: criticality depth mode: NIL
a: k learning mode       : NIL
a: top-down flag         : NIL
a: top-down pruned       : 0
a: abs goal mode         : NIL
a: monotonic sol property: WEAK
a: msp weak mode         : POS
a: weak msp   pruned     : 788
a: strong msp pruned     : 0
a: abstract nodes gen    : 35
expanded  = 820
generated = 1512
expanded  = 840
generated = 1532
expanded  = 860
generated = 1559
expanded  = 880
generated = 1597
expanded  = 900
generated = 1620
expanded  = 920
generated = 1644
expanded  = 940
generated = 1694
expanded  = 960
generated = 1712
expanded  = 980
generated = 1743
expanded  = 1000
generated = 1767
abtweak planner  run statistics
planner-mode   : ABTWEAK
search type    : 4
debug          : NIL
determine via  : FIRST
backwards-mode : NIL
heuristic      : D
nodes expanded : 1000
nodes generated: 1767
solution depth : 0
max node succ  : 28
max conflicts  : 4
branch factors : ((0 0.08) (1 1.79) (2 2.02) (3 1.8))

a: criticality levels    : 3
a: criticality depth mode: NIL
a: k learning mode       : NIL
a: top-down flag         : NIL
a: top-down pruned       : 0
a: abs goal mode         : NIL
a: monotonic sol property: WEAK
a: msp weak mode         : POS
a: weak msp   pruned     : 1118
a: strong msp pruned     : 0
a: abstract nodes gen    : 40
expanded  = 1020
generated = 1819
expanded  = 1040
generated = 1863
expanded  = 1060
generated = 1890
expanded  = 1080
generated = 1949
expanded  = 1100
generated = 1962
expanded  = 1120
generated = 1996
expanded  = 1140
generated = 2019
expanded  = 1160
generated = 2073
expanded  = 1180
generated = 2120
expanded  = 1200
generated = 2161
abtweak planner  run statistics
planner-mode   : ABTWEAK
search type    : 4
debug          : NIL
determine via  : FIRST
backwards-mode : NIL
heuristic      : D
nodes expanded : 1200
nodes generated: 2161
solution depth : 0
max node succ  : 29
max conflicts  : 4
branch factors : ((0 0.08) (1 1.83) (2 2.01) (3 1.8))

a: criticality levels    : 3
a: criticality depth mode: NIL
a: k learning mode       : NIL
a: top-down flag         : NIL
a: top-down pruned       : 0
a: abs goal mode         : NIL
a: monotonic sol property: WEAK
a: msp weak mode         : POS
a: weak msp   pruned     : 1586
a: strong msp pruned     : 0
a: abstract nodes gen    : 40
expanded  = 1220
generated = 2199
expanded  = 1240
generated = 2225
expanded  = 1260
generated = 2276
expanded  = 1280
generated = 2314
expanded  = 1300
generated = 2348
expanded  = 1320
generated = 2372
expanded  = 1340
generated = 2423
expanded  = 1360
generated = 2477
expanded  = 1380
generated = 2512
expanded  = 1400
generated = 2559
abtweak planner  run statistics
planner-mode   : ABTWEAK
search type    : 4
debug          : NIL
determine via  : FIRST
backwards-mode : NIL
heuristic      : D
nodes expanded : 1400
nodes generated: 2559
solution depth : 0
max node succ  : 29
max conflicts  : 4
branch factors : ((0 0.08) (1 1.86) (2 1.99) (3 1.8))

a: criticality levels    : 3
a: criticality depth mode: NIL
a: k learning mode       : NIL
a: top-down flag         : NIL
a: top-down pruned       : 0
a: abs goal mode         : NIL
a: monotonic sol property: WEAK
a: msp weak mode         : POS
a: weak msp   pruned     : 2053
a: strong msp pruned     : 0
a: abstract nodes gen    : 40
expanded  = 1420
generated = 2601
expanded  = 1440
generated = 2629
expanded  = 1460
generated = 2669
expanded  = 1480
generated = 2700
expanded  = 1500
generated = 2727
Limit EXPAND reached
; Exiting Lisp
