Allegro CL 3.1.13.1 [Sun4] (0/0/0)
Copyright (C) 1985-1990, Franz Inc., Berkeley, CA, USA
; Loading /u/sgwoods/Plan/Planner/init.lsp.


type  (start) to re-load planner

; Loading /u/sgwoods/Plan/Planner/init-o.lsp.
; Fast loading /u/sgwoods/Plan/Planner/Search/search-load.fasl.
; Fast loading /u/sgwoods/Plan/Planner/Search/search.fasl.
; Fast loading /u/sgwoods/Plan/Planner/Search/graphsearch.fasl.
; Fast loading /u/sgwoods/Plan/Planner/Search/graph-ctrl.fasl.
; Fast loading /u/sgwoods/Plan/Planner/Search/list-access.fasl.
; Fast loading /u/sgwoods/Plan/Planner/Search/node-access.fasl.
; Fast loading /u/sgwoods/Plan/Planner/Search/interface.fasl.
; Fast loading /u/sgwoods/Plan/Planner/Search/state-expansion.fasl.
; Loading /u/sgwoods/Plan/Planner/Search/Maint/compile.lsp.
; Fast loading /u/sgwoods/Plan/Planner/planner.fasl.
; Fast loading /u/sgwoods/Plan/Planner/branch.fasl.
; Fast loading /u/sgwoods/Plan/Planner/driver.fasl.
; Fast loading /u/sgwoods/Plan/Tweak2/init.fasl.
; Fast loading /u/sgwoods/Plan/Tweak2/general.fasl.
; Fast loading /u/sgwoods/Plan/Tweak2/structs.fasl.
; Fast loading /u/sgwoods/Plan/Tweak2/mtc.fasl.
; Fast loading /u/sgwoods/Plan/Tweak2/successors.fasl.
; Fast loading /u/sgwoods/Plan/Tweak2/tree.fasl.
; Fast loading /u/sgwoods/Plan/Tweak2/Succ/find-new-ests.fasl.
; Fast loading /u/sgwoods/Plan/Tweak2/Succ/select-ops.fasl.
; Fast loading /u/sgwoods/Plan/Tweak2/Succ/find-exist-ests.fasl.
; Fast loading /u/sgwoods/Plan/Tweak2/Succ/find-pos-exist-ests.fasl.
; Fast loading /u/sgwoods/Plan/Tweak2/Succ/find-nec-exist-ests.fasl.
; Fast loading /u/sgwoods/Plan/Tweak2/Conf-infer/classify.fasl.
; Fast loading /u/sgwoods/Plan/Tweak2/Conf-infer/declob.fasl.
; Fast loading /u/sgwoods/Plan/Tweak2/Conf-infer/conflict-detection.fasl.
; Fast loading /u/sgwoods/Plan/Tweak2/Conf-infer/intermed-access.fasl.
; Fast loading /u/sgwoods/Plan/Tweak2/Plan-infer/plan-dependent.fasl.
; Fast loading /u/sgwoods/Plan/Tweak2/Plan-infer/plan-inference.fasl.
; Fast loading /u/sgwoods/Plan/Tweak2/Plan-infer/cr-access.fasl.
; Fast loading /u/sgwoods/Plan/Tweak2/Plan-infer/plan-modification.fasl.
; Fast loading /u/sgwoods/Plan/Tweak2/Plan-infer/show-plan.fasl.
; Fast loading /u/sgwoods/Plan/Tweak2/debug.fasl.
; Fast loading /u/sgwoods/Plan/Tweak2/Maint/compile.fasl.
; Fast loading /u/sgwoods/Plan/AbTweak2/init.fasl.
; Fast loading /u/sgwoods/Plan/AbTweak2/ab-mtc.fasl.
; Fast loading /u/sgwoods/Plan/AbTweak2/ab-succ.fasl.
; Fast loading /u/sgwoods/Plan/AbTweak2/ab-causal.fasl.
; Fast loading /u/sgwoods/Plan/AbTweak2/ab-msp.fasl.
; Fast loading /u/sgwoods/Plan/AbTweak2/ab-mono.fasl.
; Fast loading /u/sgwoods/Plan/AbTweak2/Maint/compile.fasl.
; Loading /u/sgwoods/Plan/Planner/Domains/load-functions.lsp.
; Loading /u/sgwoods/Plan/Planner/Domains/nils-blocks.lsp.
domain definition for: NILSSONS-BLOCKS-WORLD
operators    : 
(#s(OPERATOR :OPID PICKUP :NAME (PICKUP $X) :PRECONDITIONS ((ONTABLE $X) (CLEAR $X) (HANDEMPTY)) :EFFECTS ((HOLDING $X) (NOT ONTABLE $X) (NOT CLEAR $X) (NOT HANDEMPTY))) #s(OPERATOR :OPID PUTDOWN :NAME (PUTDOWN $X) :PRECONDITIONS ((HOLDING $X)) :EFFECTS ((ONTABLE $X) (CLEAR $X) (HANDEMPTY) (NOT HOLDING $X))) #s(OPERATOR :OPID STACK :NAME (STACK $X $Y) :PRECONDITIONS ((HOLDING $X) (CLEAR $Y)) :EFFECTS ((ON $X $Y) (CLEAR $X) (HANDEMPTY) (NOT HOLDING $X) (NOT CLEAR $Y))) #s(OPERATOR :OPID UNSTACK :NAME (UNSTACK $X $Y) :PRECONDITIONS ((ON $X $Y) (CLEAR $X) (HANDEMPTY)) :EFFECTS ((CLEAR $Y) (NOT CLEAR $X) (NOT HANDEMPTY) (HOLDING $X) (NOT ON $X $Y))))
initial state: ((ON C A) (ONTABLE A) (ONTABLE B) (CLEAR C) (CLEAR B) (HANDEMPTY))
goal state   : ((ON A B) (ON B C))
; Fast loading /u/sgwoods/Plan/Planner/useful.fasl.
<cl> 
; Loading /u/sgwoods/Plan/Planner/Domains/hanoi-3.lsp.
domain definition for: HANOI-3-ISPEG
operators    : 
(#s(OPERATOR :OPID MOVEB :NAME (MOVEB $X $Y) :PRECONDITIONS ((ISPEG $X) (ISPEG $Y) (NOT ONS $X) (NOT ONM $X) (NOT ONS $Y) (NOT ONM $Y) (ONB $X)) :EFFECTS ((NOT ONB $X) (ONB $Y))) #s(OPERATOR :OPID MOVEM :NAME (MOVEM $X $Y) :PRECONDITIONS ((ISPEG $X) (ISPEG $Y) (NOT ONS $X) (NOT ONS $Y) (ONM $X)) :EFFECTS ((NOT ONM $X) (ONM $Y))) #s(OPERATOR :OPID MOVES :NAME (MOVES $X $Y) :PRECONDITIONS ((ISPEG $X) (ISPEG $Y) (ONS $X)) :EFFECTS ((NOT ONS $X) (ONS $Y))))
initial state: ((ISPEG PEG1) (ISPEG PEG2) (ISPEG PEG3) (ONB PEG1) (ONM PEG1) (ONS PEG1) (NOT ONB PEG2) (NOT ONB PEG3) (NOT ONM PEG2) (NOT ONM PEG3) (NOT ONS PEG2) (NOT ONS PEG3))
goal state   : ((ONB PEG3) (ONM PEG3) (ONS PEG3))

NIL 
<cl> 
<cl> 
; Loading /u/sgwoods/Plan/Planner/Domains/hanoi-3/bmis.

T 
<cl> 
<cl> expanded  = 20
generated = 33
expanded  = 40
generated = 66
expanded  = 60
generated = 101
expanded  = 80
generated = 149
expanded  = 100
generated = 186
expanded  = 120
generated = 228
expanded  = 140
generated = 268
expanded  = 160
generated = 303
expanded  = 180
generated = 345
expanded  = 200
generated = 369
abtweak planner  run statistics
planner-mode   : ABTWEAK
search type    : 4
debug          : NIL
determine via  : FIRST
backwards-mode : NIL
heuristic      : D
nodes expanded : 200
nodes generated: 369
solution depth : 0
max node succ  : 14
max conflicts  : 2
branch factors : ((0 1.12) (1 0.85) (2 3.09) (3 1.75))

a: criticality levels    : 3
a: criticality depth mode: NIL
a: k learning mode       : NIL
a: top-down flag         : NIL
a: top-down pruned       : 0
a: abs goal mode         : NIL
a: monotonic sol property: WEAK
a: msp weak mode         : POS
a: weak msp   pruned     : 0
a: strong msp pruned     : 0
a: abstract nodes gen    : 42
expanded  = 220
generated = 393
expanded  = 240
generated = 427
expanded  = 260
generated = 461
expanded  = 280
generated = 484
expanded  = 300
generated = 518
expanded  = 320
generated = 563
expanded  = 340
generated = 610
expanded  = 360
generated = 647
expanded  = 380
generated = 686
expanded  = 400
generated = 730
abtweak planner  run statistics
planner-mode   : ABTWEAK
search type    : 4
debug          : NIL
determine via  : FIRST
backwards-mode : NIL
heuristic      : D
nodes expanded : 400
nodes generated: 730
solution depth : 0
max node succ  : 14
max conflicts  : 2
branch factors : ((0 1.22) (1 0.81) (2 3.02) (3 1.8))

a: criticality levels    : 3
a: criticality depth mode: NIL
a: k learning mode       : NIL
a: top-down flag         : NIL
a: top-down pruned       : 0
a: abs goal mode         : NIL
a: monotonic sol property: WEAK
a: msp weak mode         : POS
a: weak msp   pruned     : 0
a: strong msp pruned     : 0
a: abstract nodes gen    : 87
expanded  = 420
generated = 769
expanded  = 440
generated = 836
expanded  = 460
generated = 896
expanded  = 480
generated = 940
expanded  = 500
generated = 1018
expanded  = 520
generated = 1063
expanded  = 540
generated = 1103
expanded  = 560
generated = 1156
expanded  = 580
generated = 1191
expanded  = 600
generated = 1235
abtweak planner  run statistics
planner-mode   : ABTWEAK
search type    : 4
debug          : NIL
determine via  : FIRST
backwards-mode : NIL
heuristic      : D
nodes expanded : 600
nodes generated: 1235
solution depth : 0
max node succ  : 24
max conflicts  : 3
branch factors : ((0 1.2) (1 0.76) (2 3.41) (3 1.8))

a: criticality levels    : 3
a: criticality depth mode: NIL
a: k learning mode       : NIL
a: top-down flag         : NIL
a: top-down pruned       : 0
a: abs goal mode         : NIL
a: monotonic sol property: WEAK
a: msp weak mode         : POS
a: weak msp   pruned     : 0
a: strong msp pruned     : 0
a: abstract nodes gen    : 118
expanded  = 620
generated = 1264
expanded  = 640
generated = 1309
expanded  = 660
generated = 1363
expanded  = 680
generated = 1426
expanded  = 700
generated = 1505
expanded  = 720
generated = 1547
expanded  = 740
generated = 1586
expanded  = 760
generated = 1630
expanded  = 780
generated = 1670
expanded  = 800
generated = 1723
abtweak planner  run statistics
planner-mode   : ABTWEAK
search type    : 4
debug          : NIL
determine via  : FIRST
backwards-mode : NIL
heuristic      : D
nodes expanded : 800
nodes generated: 1723
solution depth : 0
max node succ  : 24
max conflicts  : 3
branch factors : ((0 1.22) (1 0.72) (2 3.47) (3 1.8))

a: criticality levels    : 3
a: criticality depth mode: NIL
a: k learning mode       : NIL
a: top-down flag         : NIL
a: top-down pruned       : 0
a: abs goal mode         : NIL
a: monotonic sol property: WEAK
a: msp weak mode         : POS
a: weak msp   pruned     : 0
a: strong msp pruned     : 0
a: abstract nodes gen    : 147
expanded  = 820
generated = 1770
expanded  = 840
generated = 1805
expanded  = 860
generated = 1857
expanded  = 880
generated = 1904
expanded  = 900
generated = 1952
expanded  = 920
generated = 1984
expanded  = 940
generated = 2043
expanded  = 960
generated = 2074
expanded  = 980
generated = 2114
expanded  = 1000
generated = 2151
abtweak planner  run statistics
planner-mode   : ABTWEAK
search type    : 4
debug          : NIL
determine via  : FIRST
backwards-mode : NIL
heuristic      : D
nodes expanded : 1000
nodes generated: 2151
solution depth : 0
max node succ  : 24
max conflicts  : 3
branch factors : ((0 1.22) (1 0.59) (2 3.45) (3 1.8))

a: criticality levels    : 3
a: criticality depth mode: NIL
a: k learning mode       : NIL
a: top-down flag         : NIL
a: top-down pruned       : 0
a: abs goal mode         : NIL
a: monotonic sol property: WEAK
a: msp weak mode         : POS
a: weak msp   pruned     : 0
a: strong msp pruned     : 0
a: abstract nodes gen    : 189
expanded  = 1020
generated = 2191
expanded  = 1040
generated = 2256
expanded  = 1060
generated = 2286
expanded  = 1080
generated = 2327
expanded  = 1100
generated = 2367
expanded  = 1120
generated = 2403
expanded  = 1140
generated = 2441
expanded  = 1160
generated = 2479
expanded  = 1180
generated = 2514
expanded  = 1200
generated = 2568
abtweak planner  run statistics
planner-mode   : ABTWEAK
search type    : 4
debug          : NIL
determine via  : FIRST
backwards-mode : NIL
heuristic      : D
nodes expanded : 1200
nodes generated: 2568
solution depth : 0
max node succ  : 24
max conflicts  : 3
branch factors : ((0 1.22) (1 0.46) (2 3.64) (3 1.8))

a: criticality levels    : 3
a: criticality depth mode: NIL
a: k learning mode       : NIL
a: top-down flag         : NIL
a: top-down pruned       : 0
a: abs goal mode         : NIL
a: monotonic sol property: WEAK
a: msp weak mode         : POS
a: weak msp   pruned     : 0
a: strong msp pruned     : 0
a: abstract nodes gen    : 254
expanded  = 1220
generated = 2598
expanded  = 1240
generated = 2639
expanded  = 1260
generated = 2697
expanded  = 1280
generated = 2727
expanded  = 1300
generated = 2764
expanded  = 1320
generated = 2803
expanded  = 1340
generated = 2834
expanded  = 1360
generated = 2881
expanded  = 1380
generated = 2927
expanded  = 1400
generated = 2971
abtweak planner  run statistics
planner-mode   : ABTWEAK
search type    : 4
debug          : NIL
determine via  : FIRST
backwards-mode : NIL
heuristic      : D
nodes expanded : 1400
nodes generated: 2971
solution depth : 0
max node succ  : 24
max conflicts  : 3
branch factors : ((0 1.22) (1 0.38) (2 3.69) (3 1.83))

a: criticality levels    : 3
a: criticality depth mode: NIL
a: k learning mode       : NIL
a: top-down flag         : NIL
a: top-down pruned       : 0
a: abs goal mode         : NIL
a: monotonic sol property: WEAK
a: msp weak mode         : POS
a: weak msp   pruned     : 0
a: strong msp pruned     : 0
a: abstract nodes gen    : 311
expanded  = 1420
generated = 3013
expanded  = 1440
generated = 3057
expanded  = 1460
generated = 3095
expanded  = 1480
generated = 3135
expanded  = 1500
generated = 3185
Limit EXPAND reached
; Exiting Lisp
