Allegro CL 3.1.13.1 [Sun4] (0/0/0)
Copyright (C) 1985-1990, Franz Inc., Berkeley, CA, USA
; Loading /u/sgwoods/Plan/Planner/init.lsp.


type  (start) to re-load planner

; Loading /u/sgwoods/Plan/Planner/init-o.lsp.
; Fast loading /u/sgwoods/Plan/Planner/Search/search-load.fasl.
; Fast loading /u/sgwoods/Plan/Planner/Search/search.fasl.
; Fast loading /u/sgwoods/Plan/Planner/Search/graphsearch.fasl.
; Fast loading /u/sgwoods/Plan/Planner/Search/graph-ctrl.fasl.
; Fast loading /u/sgwoods/Plan/Planner/Search/list-access.fasl.
; Fast loading /u/sgwoods/Plan/Planner/Search/node-access.fasl.
; Fast loading /u/sgwoods/Plan/Planner/Search/interface.fasl.
; Fast loading /u/sgwoods/Plan/Planner/Search/state-expansion.fasl.
; Loading /u/sgwoods/Plan/Planner/Search/Maint/compile.lsp.
; Fast loading /u/sgwoods/Plan/Planner/planner.fasl.
; Fast loading /u/sgwoods/Plan/Planner/branch.fasl.
; Fast loading /u/sgwoods/Plan/Planner/driver.fasl.
; Fast loading /u/sgwoods/Plan/Tweak2/init.fasl.
; Fast loading /u/sgwoods/Plan/Tweak2/general.fasl.
; Fast loading /u/sgwoods/Plan/Tweak2/structs.fasl.
; Fast loading /u/sgwoods/Plan/Tweak2/mtc.fasl.
; Fast loading /u/sgwoods/Plan/Tweak2/successors.fasl.
; Fast loading /u/sgwoods/Plan/Tweak2/tree.fasl.
; Fast loading /u/sgwoods/Plan/Tweak2/Succ/find-new-ests.fasl.
; Fast loading /u/sgwoods/Plan/Tweak2/Succ/select-ops.fasl.
; Fast loading /u/sgwoods/Plan/Tweak2/Succ/find-exist-ests.fasl.
; Fast loading /u/sgwoods/Plan/Tweak2/Succ/find-pos-exist-ests.fasl.
; Fast loading /u/sgwoods/Plan/Tweak2/Succ/find-nec-exist-ests.fasl.
; Fast loading /u/sgwoods/Plan/Tweak2/Conf-infer/classify.fasl.
; Fast loading /u/sgwoods/Plan/Tweak2/Conf-infer/declob.fasl.
; Fast loading /u/sgwoods/Plan/Tweak2/Conf-infer/conflict-detection.fasl.
; Fast loading /u/sgwoods/Plan/Tweak2/Conf-infer/intermed-access.fasl.
; Fast loading /u/sgwoods/Plan/Tweak2/Plan-infer/plan-dependent.fasl.
; Fast loading /u/sgwoods/Plan/Tweak2/Plan-infer/plan-inference.fasl.
; Fast loading /u/sgwoods/Plan/Tweak2/Plan-infer/cr-access.fasl.
; Fast loading /u/sgwoods/Plan/Tweak2/Plan-infer/plan-modification.fasl.
; Fast loading /u/sgwoods/Plan/Tweak2/Plan-infer/show-plan.fasl.
; Fast loading /u/sgwoods/Plan/Tweak2/debug.fasl.
; Fast loading /u/sgwoods/Plan/Tweak2/Maint/compile.fasl.
; Fast loading /u/sgwoods/Plan/AbTweak2/init.fasl.
; Fast loading /u/sgwoods/Plan/AbTweak2/ab-mtc.fasl.
; Fast loading /u/sgwoods/Plan/AbTweak2/ab-succ.fasl.
; Fast loading /u/sgwoods/Plan/AbTweak2/ab-causal.fasl.
; Fast loading /u/sgwoods/Plan/AbTweak2/ab-msp.fasl.
; Fast loading /u/sgwoods/Plan/AbTweak2/ab-mono.fasl.
; Fast loading /u/sgwoods/Plan/AbTweak2/Maint/compile.fasl.
; Loading /u/sgwoods/Plan/Planner/Domains/load-functions.lsp.
; Loading /u/sgwoods/Plan/Planner/Domains/nils-blocks.lsp.
domain definition for: NILSSONS-BLOCKS-WORLD
operators    : 
(#s(OPERATOR :OPID PICKUP :NAME (PICKUP $X) :PRECONDITIONS ((ONTABLE $X) (CLEAR $X) (HANDEMPTY)) :EFFECTS ((HOLDING $X) (NOT ONTABLE $X) (NOT CLEAR $X) (NOT HANDEMPTY))) #s(OPERATOR :OPID PUTDOWN :NAME (PUTDOWN $X) :PRECONDITIONS ((HOLDING $X)) :EFFECTS ((ONTABLE $X) (CLEAR $X) (HANDEMPTY) (NOT HOLDING $X))) #s(OPERATOR :OPID STACK :NAME (STACK $X $Y) :PRECONDITIONS ((HOLDING $X) (CLEAR $Y)) :EFFECTS ((ON $X $Y) (CLEAR $X) (HANDEMPTY) (NOT HOLDING $X) (NOT CLEAR $Y))) #s(OPERATOR :OPID UNSTACK :NAME (UNSTACK $X $Y) :PRECONDITIONS ((ON $X $Y) (CLEAR $X) (HANDEMPTY)) :EFFECTS ((CLEAR $Y) (NOT CLEAR $X) (NOT HANDEMPTY) (HOLDING $X) (NOT ON $X $Y))))
initial state: ((ON C A) (ONTABLE A) (ONTABLE B) (CLEAR C) (CLEAR B) (HANDEMPTY))
goal state   : ((ON A B) (ON B C))
; Fast loading /u/sgwoods/Plan/Planner/useful.fasl.
<cl> 
; Loading /u/sgwoods/Plan/Planner/Domains/hanoi-3.lsp.
domain definition for: HANOI-3-ISPEG
operators    : 
(#s(OPERATOR :OPID MOVEB :NAME (MOVEB $X $Y) :PRECONDITIONS ((ISPEG $X) (ISPEG $Y) (NOT ONS $X) (NOT ONM $X) (NOT ONS $Y) (NOT ONM $Y) (ONB $X)) :EFFECTS ((NOT ONB $X) (ONB $Y))) #s(OPERATOR :OPID MOVEM :NAME (MOVEM $X $Y) :PRECONDITIONS ((ISPEG $X) (ISPEG $Y) (NOT ONS $X) (NOT ONS $Y) (ONM $X)) :EFFECTS ((NOT ONM $X) (ONM $Y))) #s(OPERATOR :OPID MOVES :NAME (MOVES $X $Y) :PRECONDITIONS ((ISPEG $X) (ISPEG $Y) (ONS $X)) :EFFECTS ((NOT ONS $X) (ONS $Y))))
initial state: ((ISPEG PEG1) (ISPEG PEG2) (ISPEG PEG3) (ONB PEG1) (ONM PEG1) (ONS PEG1) (NOT ONB PEG2) (NOT ONB PEG3) (NOT ONM PEG2) (NOT ONM PEG3) (NOT ONS PEG2) (NOT ONS PEG3))
goal state   : ((ONB PEG3) (ONM PEG3) (ONS PEG3))

NIL 
<cl> 
<cl> 
; Loading /u/sgwoods/Plan/Planner/Domains/hanoi-3/bmsi.

T 
<cl> 
<cl> expanded  = 20
generated = 38
expanded  = 40
generated = 76
expanded  = 60
generated = 114
expanded  = 80
generated = 160
expanded  = 100
generated = 209
expanded  = 120
generated = 260
expanded  = 140
generated = 303
expanded  = 160
generated = 347
expanded  = 180
generated = 402
expanded  = 200
generated = 436
abtweak planner  run statistics
planner-mode   : ABTWEAK
search type    : 4
debug          : NIL
determine via  : FIRST
backwards-mode : NIL
heuristic      : D
nodes expanded : 200
nodes generated: 436
solution depth : 0
max node succ  : 14
max conflicts  : 2
branch factors : ((0 0.0) (1 1.81) (2 3.09) (3 1.75))

a: criticality levels    : 3
a: criticality depth mode: NIL
a: k learning mode       : NIL
a: top-down flag         : NIL
a: top-down pruned       : 0
a: abs goal mode         : NIL
a: monotonic sol property: WEAK
a: msp weak mode         : POS
a: weak msp   pruned     : 0
a: strong msp pruned     : 0
a: abstract nodes gen    : 29
expanded  = 220
generated = 468
expanded  = 240
generated = 513
expanded  = 260
generated = 551
expanded  = 280
generated = 599
expanded  = 300
generated = 641
expanded  = 320
generated = 676
expanded  = 340
generated = 719
expanded  = 360
generated = 768
expanded  = 380
generated = 815
expanded  = 400
generated = 857
abtweak planner  run statistics
planner-mode   : ABTWEAK
search type    : 4
debug          : NIL
determine via  : FIRST
backwards-mode : NIL
heuristic      : D
nodes expanded : 400
nodes generated: 857
solution depth : 0
max node succ  : 14
max conflicts  : 2
branch factors : ((0 0.07) (1 2.0) (2 3.09) (3 1.8))

a: criticality levels    : 3
a: criticality depth mode: NIL
a: k learning mode       : NIL
a: top-down flag         : NIL
a: top-down pruned       : 0
a: abs goal mode         : NIL
a: monotonic sol property: WEAK
a: msp weak mode         : POS
a: weak msp   pruned     : 0
a: strong msp pruned     : 0
a: abstract nodes gen    : 62
expanded  = 420
generated = 899
expanded  = 440
generated = 946
expanded  = 460
generated = 990
expanded  = 480
generated = 1064
expanded  = 500
generated = 1128
expanded  = 520
generated = 1180
expanded  = 540
generated = 1248
expanded  = 560
generated = 1316
expanded  = 580
generated = 1361
expanded  = 600
generated = 1413
abtweak planner  run statistics
planner-mode   : ABTWEAK
search type    : 4
debug          : NIL
determine via  : FIRST
backwards-mode : NIL
heuristic      : D
nodes expanded : 600
nodes generated: 1413
solution depth : 0
max node succ  : 24
max conflicts  : 3
branch factors : ((0 0.06) (1 1.92) (2 3.42) (3 1.8))

a: criticality levels    : 3
a: criticality depth mode: NIL
a: k learning mode       : NIL
a: top-down flag         : NIL
a: top-down pruned       : 0
a: abs goal mode         : NIL
a: monotonic sol property: WEAK
a: msp weak mode         : POS
a: weak msp   pruned     : 0
a: strong msp pruned     : 0
a: abstract nodes gen    : 87
expanded  = 620
generated = 1459
expanded  = 640
generated = 1509
expanded  = 660
generated = 1548
expanded  = 680
generated = 1595
expanded  = 700
generated = 1680
expanded  = 720
generated = 1744
expanded  = 740
generated = 1808
expanded  = 760
generated = 1855
expanded  = 780
generated = 1899
expanded  = 800
generated = 1954
abtweak planner  run statistics
planner-mode   : ABTWEAK
search type    : 4
debug          : NIL
determine via  : FIRST
backwards-mode : NIL
heuristic      : D
nodes expanded : 800
nodes generated: 1954
solution depth : 0
max node succ  : 24
max conflicts  : 3
branch factors : ((0 0.06) (1 1.86) (2 3.49) (3 1.8))

a: criticality levels    : 3
a: criticality depth mode: NIL
a: k learning mode       : NIL
a: top-down flag         : NIL
a: top-down pruned       : 0
a: abs goal mode         : NIL
a: monotonic sol property: WEAK
a: msp weak mode         : POS
a: weak msp   pruned     : 0
a: strong msp pruned     : 0
a: abstract nodes gen    : 113
expanded  = 820
generated = 1995
expanded  = 840
generated = 2058
expanded  = 860
generated = 2092
expanded  = 880
generated = 2144
expanded  = 900
generated = 2196
expanded  = 920
generated = 2248
expanded  = 940
generated = 2285
expanded  = 960
generated = 2340
expanded  = 980
generated = 2381
expanded  = 1000
generated = 2438
abtweak planner  run statistics
planner-mode   : ABTWEAK
search type    : 4
debug          : NIL
determine via  : FIRST
backwards-mode : NIL
heuristic      : D
nodes expanded : 1000
nodes generated: 2438
solution depth : 0
max node succ  : 24
max conflicts  : 3
branch factors : ((0 0.06) (1 1.75) (2 3.44) (3 1.8))

a: criticality levels    : 3
a: criticality depth mode: NIL
a: k learning mode       : NIL
a: top-down flag         : NIL
a: top-down pruned       : 0
a: abs goal mode         : NIL
a: monotonic sol property: WEAK
a: msp weak mode         : POS
a: weak msp   pruned     : 0
a: strong msp pruned     : 0
a: abstract nodes gen    : 148
expanded  = 1020
generated = 2472
expanded  = 1040
generated = 2529
expanded  = 1060
generated = 2575
expanded  = 1080
generated = 2629
expanded  = 1100
generated = 2686
expanded  = 1120
generated = 2716
expanded  = 1140
generated = 2763
expanded  = 1160
generated = 2824
expanded  = 1180
generated = 2871
expanded  = 1200
generated = 2902
abtweak planner  run statistics
planner-mode   : ABTWEAK
search type    : 4
debug          : NIL
determine via  : FIRST
backwards-mode : NIL
heuristic      : D
nodes expanded : 1200
nodes generated: 2902
solution depth : 0
max node succ  : 24
max conflicts  : 3
branch factors : ((0 0.06) (1 1.62) (2 3.66) (3 1.8))

a: criticality levels    : 3
a: criticality depth mode: NIL
a: k learning mode       : NIL
a: top-down flag         : NIL
a: top-down pruned       : 0
a: abs goal mode         : NIL
a: monotonic sol property: WEAK
a: msp weak mode         : POS
a: weak msp   pruned     : 0
a: strong msp pruned     : 0
a: abstract nodes gen    : 219
expanded  = 1220
generated = 2935
expanded  = 1240
generated = 2991
expanded  = 1260
generated = 3050
expanded  = 1280
generated = 3078
expanded  = 1300
generated = 3140
expanded  = 1320
generated = 3178
expanded  = 1340
generated = 3224
expanded  = 1360
generated = 3273
expanded  = 1380
generated = 3307
expanded  = 1400
generated = 3362
abtweak planner  run statistics
planner-mode   : ABTWEAK
search type    : 4
debug          : NIL
determine via  : FIRST
backwards-mode : NIL
heuristic      : D
nodes expanded : 1400
nodes generated: 3362
solution depth : 0
max node succ  : 24
max conflicts  : 3
branch factors : ((0 0.06) (1 1.58) (2 3.74) (3 1.8))

a: criticality levels    : 3
a: criticality depth mode: NIL
a: k learning mode       : NIL
a: top-down flag         : NIL
a: top-down pruned       : 0
a: abs goal mode         : NIL
a: monotonic sol property: WEAK
a: msp weak mode         : POS
a: weak msp   pruned     : 0
a: strong msp pruned     : 0
a: abstract nodes gen    : 276
expanded  = 1420
generated = 3412
expanded  = 1440
generated = 3455
expanded  = 1460
generated = 3496
expanded  = 1480
generated = 3551
expanded  = 1500
generated = 3586
Limit EXPAND reached
; Exiting Lisp
