Allegro CL 3.1.13.1 [Sun4] (0/0/0)
Copyright (C) 1985-1990, Franz Inc., Berkeley, CA, USA
; Loading /u/sgwoods/Plan/Planner/init.lsp.


type  (start) to re-load planner

; Loading /u/sgwoods/Plan/Planner/init-o.lsp.
; Fast loading /u/sgwoods/Plan/Planner/Search/search-load.fasl.
; Fast loading /u/sgwoods/Plan/Planner/Search/search.fasl.
; Fast loading /u/sgwoods/Plan/Planner/Search/graphsearch.fasl.
; Fast loading /u/sgwoods/Plan/Planner/Search/graph-ctrl.fasl.
; Fast loading /u/sgwoods/Plan/Planner/Search/list-access.fasl.
; Fast loading /u/sgwoods/Plan/Planner/Search/node-access.fasl.
; Fast loading /u/sgwoods/Plan/Planner/Search/interface.fasl.
; Fast loading /u/sgwoods/Plan/Planner/Search/state-expansion.fasl.
; Loading /u/sgwoods/Plan/Planner/Search/Maint/compile.lsp.
; Fast loading /u/sgwoods/Plan/Planner/planner.fasl.
; Fast loading /u/sgwoods/Plan/Planner/branch.fasl.
; Fast loading /u/sgwoods/Plan/Planner/driver.fasl.
; Fast loading /u/sgwoods/Plan/Tweak2/init.fasl.
; Fast loading /u/sgwoods/Plan/Tweak2/general.fasl.
; Fast loading /u/sgwoods/Plan/Tweak2/structs.fasl.
; Fast loading /u/sgwoods/Plan/Tweak2/mtc.fasl.
; Fast loading /u/sgwoods/Plan/Tweak2/successors.fasl.
; Fast loading /u/sgwoods/Plan/Tweak2/tree.fasl.
; Fast loading /u/sgwoods/Plan/Tweak2/Succ/find-new-ests.fasl.
; Fast loading /u/sgwoods/Plan/Tweak2/Succ/select-ops.fasl.
; Fast loading /u/sgwoods/Plan/Tweak2/Succ/find-exist-ests.fasl.
; Fast loading /u/sgwoods/Plan/Tweak2/Succ/find-pos-exist-ests.fasl.
; Fast loading /u/sgwoods/Plan/Tweak2/Succ/find-nec-exist-ests.fasl.
; Fast loading /u/sgwoods/Plan/Tweak2/Conf-infer/classify.fasl.
; Fast loading /u/sgwoods/Plan/Tweak2/Conf-infer/declob.fasl.
; Fast loading /u/sgwoods/Plan/Tweak2/Conf-infer/conflict-detection.fasl.
; Fast loading /u/sgwoods/Plan/Tweak2/Conf-infer/intermed-access.fasl.
; Fast loading /u/sgwoods/Plan/Tweak2/Plan-infer/plan-dependent.fasl.
; Fast loading /u/sgwoods/Plan/Tweak2/Plan-infer/plan-inference.fasl.
; Fast loading /u/sgwoods/Plan/Tweak2/Plan-infer/cr-access.fasl.
; Fast loading /u/sgwoods/Plan/Tweak2/Plan-infer/plan-modification.fasl.
; Fast loading /u/sgwoods/Plan/Tweak2/Plan-infer/show-plan.fasl.
; Fast loading /u/sgwoods/Plan/Tweak2/debug.fasl.
; Fast loading /u/sgwoods/Plan/Tweak2/Maint/compile.fasl.
; Fast loading /u/sgwoods/Plan/AbTweak2/init.fasl.
; Fast loading /u/sgwoods/Plan/AbTweak2/ab-mtc.fasl.
; Fast loading /u/sgwoods/Plan/AbTweak2/ab-succ.fasl.
; Fast loading /u/sgwoods/Plan/AbTweak2/ab-causal.fasl.
; Fast loading /u/sgwoods/Plan/AbTweak2/ab-msp.fasl.
; Fast loading /u/sgwoods/Plan/AbTweak2/ab-mono.fasl.
; Fast loading /u/sgwoods/Plan/AbTweak2/Maint/compile.fasl.
; Loading /u/sgwoods/Plan/Planner/Domains/load-functions.lsp.
; Loading /u/sgwoods/Plan/Planner/Domains/nils-blocks.lsp.
domain definition for: NILSSONS-BLOCKS-WORLD
operators    : 
(#s(OPERATOR :OPID PICKUP :NAME (PICKUP $X) :PRECONDITIONS ((ONTABLE $X) (CLEAR $X) (HANDEMPTY)) :EFFECTS ((HOLDING $X) (NOT ONTABLE $X) (NOT CLEAR $X) (NOT HANDEMPTY))) #s(OPERATOR :OPID PUTDOWN :NAME (PUTDOWN $X) :PRECONDITIONS ((HOLDING $X)) :EFFECTS ((ONTABLE $X) (CLEAR $X) (HANDEMPTY) (NOT HOLDING $X))) #s(OPERATOR :OPID STACK :NAME (STACK $X $Y) :PRECONDITIONS ((HOLDING $X) (CLEAR $Y)) :EFFECTS ((ON $X $Y) (CLEAR $X) (HANDEMPTY) (NOT HOLDING $X) (NOT CLEAR $Y))) #s(OPERATOR :OPID UNSTACK :NAME (UNSTACK $X $Y) :PRECONDITIONS ((ON $X $Y) (CLEAR $X) (HANDEMPTY)) :EFFECTS ((CLEAR $Y) (NOT CLEAR $X) (NOT HANDEMPTY) (HOLDING $X) (NOT ON $X $Y))))
initial state: ((ON C A) (ONTABLE A) (ONTABLE B) (CLEAR C) (CLEAR B) (HANDEMPTY))
goal state   : ((ON A B) (ON B C))
; Fast loading /u/sgwoods/Plan/Planner/useful.fasl.
<cl> 
; Loading /u/sgwoods/Plan/Planner/Domains/hanoi-3.lsp.
domain definition for: HANOI-3-ISPEG
operators    : 
(#s(OPERATOR :OPID MOVEB :NAME (MOVEB $X $Y) :PRECONDITIONS ((ISPEG $X) (ISPEG $Y) (NOT ONS $X) (NOT ONM $X) (NOT ONS $Y) (NOT ONM $Y) (ONB $X)) :EFFECTS ((NOT ONB $X) (ONB $Y))) #s(OPERATOR :OPID MOVEM :NAME (MOVEM $X $Y) :PRECONDITIONS ((ISPEG $X) (ISPEG $Y) (NOT ONS $X) (NOT ONS $Y) (ONM $X)) :EFFECTS ((NOT ONM $X) (ONM $Y))) #s(OPERATOR :OPID MOVES :NAME (MOVES $X $Y) :PRECONDITIONS ((ISPEG $X) (ISPEG $Y) (ONS $X)) :EFFECTS ((NOT ONS $X) (ONS $Y))))
initial state: ((ISPEG PEG1) (ISPEG PEG2) (ISPEG PEG3) (ONB PEG1) (ONM PEG1) (ONS PEG1) (NOT ONB PEG2) (NOT ONB PEG3) (NOT ONM PEG2) (NOT ONM PEG3) (NOT ONS PEG2) (NOT ONS PEG3))
goal state   : ((ONB PEG3) (ONM PEG3) (ONS PEG3))

NIL 
<cl> 
; Loading /u/sgwoods/Plan/Planner/Domains/hanoi-3/msbi.

T 
<cl> 
<cl> expanded  = 20
generated = 41
expanded  = 40
generated = 86
expanded  = 60
generated = 131
expanded  = 80
generated = 179
expanded  = 100
generated = 235
expanded  = 120
generated = 291
expanded  = 140
generated = 341
expanded  = 160
generated = 377
expanded  = 180
generated = 427
expanded  = 200
generated = 489
abtweak planner  run statistics
planner-mode   : ABTWEAK
search type    : 4
debug          : NIL
determine via  : FIRST
backwards-mode : NIL
heuristic      : D
nodes expanded : 200
nodes generated: 489
solution depth : 0
max node succ  : 20
max conflicts  : 3
branch factors : ((0 0.0) (1 2.6) (2 2.37) (3 1.75))

a: criticality levels    : 3
a: criticality depth mode: NIL
a: k learning mode       : NIL
a: top-down flag         : NIL
a: top-down pruned       : 0
a: abs goal mode         : NIL
a: monotonic sol property: NIL
a: msp weak mode         : NEC
a: weak msp   pruned     : 0
a: strong msp pruned     : 0
a: abstract nodes gen    : 10
expanded  = 220
generated = 537
expanded  = 240
generated = 609
expanded  = 260
generated = 656
expanded  = 280
generated = 715
expanded  = 300
generated = 769
expanded  = 320
generated = 812
expanded  = 340
generated = 863
expanded  = 360
generated = 920
expanded  = 380
generated = 979
expanded  = 400
generated = 1034
abtweak planner  run statistics
planner-mode   : ABTWEAK
search type    : 4
debug          : NIL
determine via  : FIRST
backwards-mode : NIL
heuristic      : D
nodes expanded : 400
nodes generated: 1034
solution depth : 0
max node succ  : 20
max conflicts  : 3
branch factors : ((0 0.0) (1 2.65) (2 2.8) (3 1.75))

a: criticality levels    : 3
a: criticality depth mode: NIL
a: k learning mode       : NIL
a: top-down flag         : NIL
a: top-down pruned       : 0
a: abs goal mode         : NIL
a: monotonic sol property: NIL
a: msp weak mode         : NEC
a: weak msp   pruned     : 0
a: strong msp pruned     : 0
a: abstract nodes gen    : 17
expanded  = 420
generated = 1077
expanded  = 440
generated = 1127
expanded  = 460
generated = 1190
expanded  = 480
generated = 1235
expanded  = 500
generated = 1294
expanded  = 520
generated = 1358
expanded  = 540
generated = 1427
expanded  = 560
generated = 1474
expanded  = 580
generated = 1530
expanded  = 600
generated = 1587
abtweak planner  run statistics
planner-mode   : ABTWEAK
search type    : 4
debug          : NIL
determine via  : FIRST
backwards-mode : NIL
heuristic      : D
nodes expanded : 600
nodes generated: 1587
solution depth : 0
max node succ  : 21
max conflicts  : 3
branch factors : ((0 0.0) (1 2.7) (2 2.8) (3 1.75))

a: criticality levels    : 3
a: criticality depth mode: NIL
a: k learning mode       : NIL
a: top-down flag         : NIL
a: top-down pruned       : 0
a: abs goal mode         : NIL
a: monotonic sol property: NIL
a: msp weak mode         : NEC
a: weak msp   pruned     : 0
a: strong msp pruned     : 0
a: abstract nodes gen    : 17
expanded  = 620
generated = 1681
expanded  = 640
generated = 1718
expanded  = 660
generated = 1793
expanded  = 680
generated = 1836
expanded  = 700
generated = 1889
expanded  = 720
generated = 1963
expanded  = 740
generated = 1997
expanded  = 760
generated = 2076
expanded  = 780
generated = 2116
expanded  = 800
generated = 2208
abtweak planner  run statistics
planner-mode   : ABTWEAK
search type    : 4
debug          : NIL
determine via  : FIRST
backwards-mode : NIL
heuristic      : D
nodes expanded : 800
nodes generated: 2208
solution depth : 0
max node succ  : 34
max conflicts  : 3
branch factors : ((0 0.0) (1 2.8) (2 3.06) (3 1.75))

a: criticality levels    : 3
a: criticality depth mode: NIL
a: k learning mode       : NIL
a: top-down flag         : NIL
a: top-down pruned       : 0
a: abs goal mode         : NIL
a: monotonic sol property: NIL
a: msp weak mode         : NEC
a: weak msp   pruned     : 0
a: strong msp pruned     : 0
a: abstract nodes gen    : 23
expanded  = 820
generated = 2244
expanded  = 840
generated = 2322
expanded  = 860
generated = 2363
expanded  = 880
generated = 2413
expanded  = 900
generated = 2491
expanded  = 920
generated = 2530
expanded  = 940
generated = 2606
expanded  = 960
generated = 2642
expanded  = 980
generated = 2719
expanded  = 1000
generated = 2761
abtweak planner  run statistics
planner-mode   : ABTWEAK
search type    : 4
debug          : NIL
determine via  : FIRST
backwards-mode : NIL
heuristic      : D
nodes expanded : 1000
nodes generated: 2761
solution depth : 0
max node succ  : 34
max conflicts  : 3
branch factors : ((0 0.0) (1 2.8) (2 3.09) (3 1.75))

a: criticality levels    : 3
a: criticality depth mode: NIL
a: k learning mode       : NIL
a: top-down flag         : NIL
a: top-down pruned       : 0
a: abs goal mode         : NIL
a: monotonic sol property: NIL
a: msp weak mode         : NEC
a: weak msp   pruned     : 0
a: strong msp pruned     : 0
a: abstract nodes gen    : 28
expanded  = 1020
generated = 2842
expanded  = 1040
generated = 2882
expanded  = 1060
generated = 2925
expanded  = 1080
generated = 2987
expanded  = 1100
generated = 3039
expanded  = 1120
generated = 3106
expanded  = 1140
generated = 3156
expanded  = 1160
generated = 3213
expanded  = 1180
generated = 3274
expanded  = 1200
generated = 3348
abtweak planner  run statistics
planner-mode   : ABTWEAK
search type    : 4
debug          : NIL
determine via  : FIRST
backwards-mode : NIL
heuristic      : D
nodes expanded : 1200
nodes generated: 3348
solution depth : 0
max node succ  : 36
max conflicts  : 3
branch factors : ((0 0.0) (1 2.83) (2 3.08) (3 1.75))

a: criticality levels    : 3
a: criticality depth mode: NIL
a: k learning mode       : NIL
a: top-down flag         : NIL
a: top-down pruned       : 0
a: abs goal mode         : NIL
a: monotonic sol property: NIL
a: msp weak mode         : NEC
a: weak msp   pruned     : 0
a: strong msp pruned     : 0
a: abstract nodes gen    : 31
expanded  = 1220
generated = 3425
expanded  = 1240
generated = 3467
expanded  = 1260
generated = 3522
expanded  = 1280
generated = 3562
expanded  = 1300
generated = 3634
expanded  = 1320
generated = 3711
expanded  = 1340
generated = 3751
expanded  = 1360
generated = 3808
expanded  = 1380
generated = 3880
expanded  = 1400
generated = 3922
abtweak planner  run statistics
planner-mode   : ABTWEAK
search type    : 4
debug          : NIL
determine via  : FIRST
backwards-mode : NIL
heuristic      : D
nodes expanded : 1400
nodes generated: 3922
solution depth : 0
max node succ  : 36
max conflicts  : 3
branch factors : ((0 0.0) (1 2.84) (2 3.13) (3 1.75))

a: criticality levels    : 3
a: criticality depth mode: NIL
a: k learning mode       : NIL
a: top-down flag         : NIL
a: top-down pruned       : 0
a: abs goal mode         : NIL
a: monotonic sol property: NIL
a: msp weak mode         : NEC
a: weak msp   pruned     : 0
a: strong msp pruned     : 0
a: abstract nodes gen    : 37
expanded  = 1420
generated = 3962
expanded  = 1440
generated = 4028
expanded  = 1460
generated = 4075
expanded  = 1480
generated = 4130
expanded  = 1500
generated = 4184
Limit EXPAND reached
; Exiting Lisp
