Allegro CL 3.1.13.1 [Sun4] (0/0/0)
Copyright (C) 1985-1990, Franz Inc., Berkeley, CA, USA
; Loading /u/sgwoods/Plan/Planner/init.lsp.


type  (start) to re-load planner

; Loading /u/sgwoods/Plan/Planner/init-o.lsp.
; Fast loading /u/sgwoods/Plan/Planner/Search/search-load.fasl.
; Fast loading /u/sgwoods/Plan/Planner/Search/search.fasl.
; Fast loading /u/sgwoods/Plan/Planner/Search/graphsearch.fasl.
; Fast loading /u/sgwoods/Plan/Planner/Search/graph-ctrl.fasl.
; Fast loading /u/sgwoods/Plan/Planner/Search/list-access.fasl.
; Fast loading /u/sgwoods/Plan/Planner/Search/node-access.fasl.
; Fast loading /u/sgwoods/Plan/Planner/Search/interface.fasl.
; Fast loading /u/sgwoods/Plan/Planner/Search/state-expansion.fasl.
; Loading /u/sgwoods/Plan/Planner/Search/Maint/compile.lsp.
; Fast loading /u/sgwoods/Plan/Planner/planner.fasl.
; Fast loading /u/sgwoods/Plan/Planner/branch.fasl.
; Fast loading /u/sgwoods/Plan/Planner/driver.fasl.
; Fast loading /u/sgwoods/Plan/Tweak2/init.fasl.
; Fast loading /u/sgwoods/Plan/Tweak2/general.fasl.
; Fast loading /u/sgwoods/Plan/Tweak2/structs.fasl.
; Fast loading /u/sgwoods/Plan/Tweak2/mtc.fasl.
; Fast loading /u/sgwoods/Plan/Tweak2/successors.fasl.
; Fast loading /u/sgwoods/Plan/Tweak2/tree.fasl.
; Fast loading /u/sgwoods/Plan/Tweak2/Succ/find-new-ests.fasl.
; Fast loading /u/sgwoods/Plan/Tweak2/Succ/select-ops.fasl.
; Fast loading /u/sgwoods/Plan/Tweak2/Succ/find-exist-ests.fasl.
; Fast loading /u/sgwoods/Plan/Tweak2/Succ/find-pos-exist-ests.fasl.
; Fast loading /u/sgwoods/Plan/Tweak2/Succ/find-nec-exist-ests.fasl.
; Fast loading /u/sgwoods/Plan/Tweak2/Conf-infer/classify.fasl.
; Fast loading /u/sgwoods/Plan/Tweak2/Conf-infer/declob.fasl.
; Fast loading /u/sgwoods/Plan/Tweak2/Conf-infer/conflict-detection.fasl.
; Fast loading /u/sgwoods/Plan/Tweak2/Conf-infer/intermed-access.fasl.
; Fast loading /u/sgwoods/Plan/Tweak2/Plan-infer/plan-dependent.fasl.
; Fast loading /u/sgwoods/Plan/Tweak2/Plan-infer/plan-inference.fasl.
; Fast loading /u/sgwoods/Plan/Tweak2/Plan-infer/cr-access.fasl.
; Fast loading /u/sgwoods/Plan/Tweak2/Plan-infer/plan-modification.fasl.
; Fast loading /u/sgwoods/Plan/Tweak2/Plan-infer/show-plan.fasl.
; Fast loading /u/sgwoods/Plan/Tweak2/debug.fasl.
; Fast loading /u/sgwoods/Plan/Tweak2/Maint/compile.fasl.
; Fast loading /u/sgwoods/Plan/AbTweak2/init.fasl.
; Fast loading /u/sgwoods/Plan/AbTweak2/ab-mtc.fasl.
; Fast loading /u/sgwoods/Plan/AbTweak2/ab-succ.fasl.
; Fast loading /u/sgwoods/Plan/AbTweak2/ab-causal.fasl.
; Fast loading /u/sgwoods/Plan/AbTweak2/ab-msp.fasl.
; Fast loading /u/sgwoods/Plan/AbTweak2/ab-mono.fasl.
; Fast loading /u/sgwoods/Plan/AbTweak2/Maint/compile.fasl.
; Loading /u/sgwoods/Plan/Planner/Domains/load-functions.lsp.
; Loading /u/sgwoods/Plan/Planner/Domains/nils-blocks.lsp.
domain definition for: NILSSONS-BLOCKS-WORLD
operators    : 
(#s(OPERATOR :OPID PICKUP :NAME (PICKUP $X) :PRECONDITIONS ((ONTABLE $X) (CLEAR $X) (HANDEMPTY)) :EFFECTS ((HOLDING $X) (NOT ONTABLE $X) (NOT CLEAR $X) (NOT HANDEMPTY))) #s(OPERATOR :OPID PUTDOWN :NAME (PUTDOWN $X) :PRECONDITIONS ((HOLDING $X)) :EFFECTS ((ONTABLE $X) (CLEAR $X) (HANDEMPTY) (NOT HOLDING $X))) #s(OPERATOR :OPID STACK :NAME (STACK $X $Y) :PRECONDITIONS ((HOLDING $X) (CLEAR $Y)) :EFFECTS ((ON $X $Y) (CLEAR $X) (HANDEMPTY) (NOT HOLDING $X) (NOT CLEAR $Y))) #s(OPERATOR :OPID UNSTACK :NAME (UNSTACK $X $Y) :PRECONDITIONS ((ON $X $Y) (CLEAR $X) (HANDEMPTY)) :EFFECTS ((CLEAR $Y) (NOT CLEAR $X) (NOT HANDEMPTY) (HOLDING $X) (NOT ON $X $Y))))
initial state: ((ON C A) (ONTABLE A) (ONTABLE B) (CLEAR C) (CLEAR B) (HANDEMPTY))
goal state   : ((ON A B) (ON B C))
; Fast loading /u/sgwoods/Plan/Planner/useful.fasl.
<cl> 
; Loading /u/sgwoods/Plan/Planner/Domains/hanoi-3.lsp.
domain definition for: HANOI-3-ISPEG
operators    : 
(#s(OPERATOR :OPID MOVEB :NAME (MOVEB $X $Y) :PRECONDITIONS ((ISPEG $X) (ISPEG $Y) (NOT ONS $X) (NOT ONM $X) (NOT ONS $Y) (NOT ONM $Y) (ONB $X)) :EFFECTS ((NOT ONB $X) (ONB $Y))) #s(OPERATOR :OPID MOVEM :NAME (MOVEM $X $Y) :PRECONDITIONS ((ISPEG $X) (ISPEG $Y) (NOT ONS $X) (NOT ONS $Y) (ONM $X)) :EFFECTS ((NOT ONM $X) (ONM $Y))) #s(OPERATOR :OPID MOVES :NAME (MOVES $X $Y) :PRECONDITIONS ((ISPEG $X) (ISPEG $Y) (ONS $X)) :EFFECTS ((NOT ONS $X) (ONS $Y))))
initial state: ((ISPEG PEG1) (ISPEG PEG2) (ISPEG PEG3) (ONB PEG1) (ONM PEG1) (ONS PEG1) (NOT ONB PEG2) (NOT ONB PEG3) (NOT ONM PEG2) (NOT ONM PEG3) (NOT ONS PEG2) (NOT ONS PEG3))
goal state   : ((ONB PEG3) (ONM PEG3) (ONS PEG3))

NIL 
<cl> 
; Loading /u/sgwoods/Plan/Planner/Domains/hanoi-3/msib.

T 
<cl> 
<cl> expanded  = 20
generated = 34
expanded  = 40
generated = 69
expanded  = 60
generated = 111
expanded  = 80
generated = 154
expanded  = 100
generated = 185
expanded  = 120
generated = 225
expanded  = 140
generated = 270
expanded  = 160
generated = 305
expanded  = 180
generated = 355
expanded  = 200
generated = 392
abtweak planner  run statistics
planner-mode   : ABTWEAK
search type    : 4
debug          : NIL
determine via  : FIRST
backwards-mode : NIL
heuristic      : D
nodes expanded : 200
nodes generated: 392
solution depth : 0
max node succ  : 11
max conflicts  : 3
branch factors : ((0 2.03) (1 0.67) (2 2.61) (3 1.75))

a: criticality levels    : 3
a: criticality depth mode: NIL
a: k learning mode       : NIL
a: top-down flag         : NIL
a: top-down pruned       : 0
a: abs goal mode         : NIL
a: monotonic sol property: NIL
a: msp weak mode         : NEC
a: weak msp   pruned     : 0
a: strong msp pruned     : 0
a: abstract nodes gen    : 16
expanded  = 220
generated = 438
expanded  = 240
generated = 481
expanded  = 260
generated = 525
expanded  = 280
generated = 565
expanded  = 300
generated = 604
expanded  = 320
generated = 646
expanded  = 340
generated = 689
expanded  = 360
generated = 722
expanded  = 380
generated = 759
expanded  = 400
generated = 809
abtweak planner  run statistics
planner-mode   : ABTWEAK
search type    : 4
debug          : NIL
determine via  : FIRST
backwards-mode : NIL
heuristic      : D
nodes expanded : 400
nodes generated: 809
solution depth : 0
max node succ  : 14
max conflicts  : 3
branch factors : ((0 2.03) (1 0.82) (2 3.06) (3 1.75))

a: criticality levels    : 3
a: criticality depth mode: NIL
a: k learning mode       : NIL
a: top-down flag         : NIL
a: top-down pruned       : 0
a: abs goal mode         : NIL
a: monotonic sol property: NIL
a: msp weak mode         : NEC
a: weak msp   pruned     : 0
a: strong msp pruned     : 0
a: abstract nodes gen    : 36
expanded  = 420
generated = 847
expanded  = 440
generated = 884
expanded  = 460
generated = 919
expanded  = 480
generated = 958
expanded  = 500
generated = 998
expanded  = 520
generated = 1036
expanded  = 540
generated = 1074
expanded  = 560
generated = 1110
expanded  = 580
generated = 1148
expanded  = 600
generated = 1191
abtweak planner  run statistics
planner-mode   : ABTWEAK
search type    : 4
debug          : NIL
determine via  : FIRST
backwards-mode : NIL
heuristic      : D
nodes expanded : 600
nodes generated: 1191
solution depth : 0
max node succ  : 14
max conflicts  : 3
branch factors : ((0 2.05) (1 0.91) (2 3.13) (3 1.75))

a: criticality levels    : 3
a: criticality depth mode: NIL
a: k learning mode       : NIL
a: top-down flag         : NIL
a: top-down pruned       : 0
a: abs goal mode         : NIL
a: monotonic sol property: NIL
a: msp weak mode         : NEC
a: weak msp   pruned     : 0
a: strong msp pruned     : 0
a: abstract nodes gen    : 59
expanded  = 620
generated = 1227
expanded  = 640
generated = 1260
expanded  = 660
generated = 1300
expanded  = 680
generated = 1342
expanded  = 700
generated = 1379
expanded  = 720
generated = 1416
expanded  = 740
generated = 1447
expanded  = 760
generated = 1491
expanded  = 780
generated = 1527
expanded  = 800
generated = 1572
abtweak planner  run statistics
planner-mode   : ABTWEAK
search type    : 4
debug          : NIL
determine via  : FIRST
backwards-mode : NIL
heuristic      : D
nodes expanded : 800
nodes generated: 1572
solution depth : 0
max node succ  : 14
max conflicts  : 3
branch factors : ((0 2.03) (1 0.94) (2 3.12) (3 1.75))

a: criticality levels    : 3
a: criticality depth mode: NIL
a: k learning mode       : NIL
a: top-down flag         : NIL
a: top-down pruned       : 0
a: abs goal mode         : NIL
a: monotonic sol property: NIL
a: msp weak mode         : NEC
a: weak msp   pruned     : 0
a: strong msp pruned     : 0
a: abstract nodes gen    : 70
expanded  = 820
generated = 1605
expanded  = 840
generated = 1653
expanded  = 860
generated = 1692
expanded  = 880
generated = 1737
expanded  = 900
generated = 1782
expanded  = 920
generated = 1816
expanded  = 940
generated = 1854
expanded  = 960
generated = 1898
expanded  = 980
generated = 1935
expanded  = 1000
generated = 1976
abtweak planner  run statistics
planner-mode   : ABTWEAK
search type    : 4
debug          : NIL
determine via  : FIRST
backwards-mode : NIL
heuristic      : D
nodes expanded : 1000
nodes generated: 1976
solution depth : 0
max node succ  : 14
max conflicts  : 3
branch factors : ((0 2.01) (1 0.81) (2 3.02) (3 1.8))

a: criticality levels    : 3
a: criticality depth mode: NIL
a: k learning mode       : NIL
a: top-down flag         : NIL
a: top-down pruned       : 0
a: abs goal mode         : NIL
a: monotonic sol property: NIL
a: msp weak mode         : NEC
a: weak msp   pruned     : 0
a: strong msp pruned     : 0
a: abstract nodes gen    : 92
expanded  = 1020
generated = 2016
expanded  = 1040
generated = 2061
expanded  = 1060
generated = 2097
expanded  = 1080
generated = 2154
expanded  = 1100
generated = 2227
expanded  = 1120
generated = 2268
expanded  = 1140
generated = 2323
expanded  = 1160
generated = 2367
expanded  = 1180
generated = 2408
expanded  = 1200
generated = 2472
abtweak planner  run statistics
planner-mode   : ABTWEAK
search type    : 4
debug          : NIL
determine via  : FIRST
backwards-mode : NIL
heuristic      : D
nodes expanded : 1200
nodes generated: 2472
solution depth : 0
max node succ  : 24
max conflicts  : 3
branch factors : ((0 2.03) (1 0.8) (2 3.34) (3 1.8))

a: criticality levels    : 3
a: criticality depth mode: NIL
a: k learning mode       : NIL
a: top-down flag         : NIL
a: top-down pruned       : 0
a: abs goal mode         : NIL
a: monotonic sol property: NIL
a: msp weak mode         : NEC
a: weak msp   pruned     : 0
a: strong msp pruned     : 0
a: abstract nodes gen    : 100
expanded  = 1220
generated = 2532
expanded  = 1240
generated = 2576
expanded  = 1260
generated = 2614
expanded  = 1280
generated = 2661
expanded  = 1300
generated = 2701
expanded  = 1320
generated = 2746
expanded  = 1340
generated = 2781
expanded  = 1360
generated = 2823
expanded  = 1380
generated = 2856
expanded  = 1400
generated = 2896
abtweak planner  run statistics
planner-mode   : ABTWEAK
search type    : 4
debug          : NIL
determine via  : FIRST
backwards-mode : NIL
heuristic      : D
nodes expanded : 1400
nodes generated: 2896
solution depth : 0
max node succ  : 24
max conflicts  : 3
branch factors : ((0 2.02) (1 0.75) (2 3.37) (3 1.8))

a: criticality levels    : 3
a: criticality depth mode: NIL
a: k learning mode       : NIL
a: top-down flag         : NIL
a: top-down pruned       : 0
a: abs goal mode         : NIL
a: monotonic sol property: NIL
a: msp weak mode         : NEC
a: weak msp   pruned     : 0
a: strong msp pruned     : 0
a: abstract nodes gen    : 124
expanded  = 1420
generated = 2959
expanded  = 1440
generated = 3015
expanded  = 1460
generated = 3074
expanded  = 1480
generated = 3134
expanded  = 1500
generated = 3174
Limit EXPAND reached
; Exiting Lisp
