Allegro CL 3.1.13.1 [Sun4] (0/0/0)
Copyright (C) 1985-1990, Franz Inc., Berkeley, CA, USA
; Loading /u/sgwoods/Plan/Planner/init.lsp.


type  (start) to re-load planner

; Loading /u/sgwoods/Plan/Planner/init-o.lsp.
; Fast loading /u/sgwoods/Plan/Planner/Search/search-load.fasl.
; Fast loading /u/sgwoods/Plan/Planner/Search/search.fasl.
; Fast loading /u/sgwoods/Plan/Planner/Search/graphsearch.fasl.
; Fast loading /u/sgwoods/Plan/Planner/Search/graph-ctrl.fasl.
; Fast loading /u/sgwoods/Plan/Planner/Search/list-access.fasl.
; Fast loading /u/sgwoods/Plan/Planner/Search/node-access.fasl.
; Fast loading /u/sgwoods/Plan/Planner/Search/interface.fasl.
; Fast loading /u/sgwoods/Plan/Planner/Search/state-expansion.fasl.
; Loading /u/sgwoods/Plan/Planner/Search/Maint/compile.lsp.
; Fast loading /u/sgwoods/Plan/Planner/planner.fasl.
; Fast loading /u/sgwoods/Plan/Planner/branch.fasl.
; Fast loading /u/sgwoods/Plan/Planner/driver.fasl.
; Fast loading /u/sgwoods/Plan/Tweak2/init.fasl.
; Fast loading /u/sgwoods/Plan/Tweak2/general.fasl.
; Fast loading /u/sgwoods/Plan/Tweak2/structs.fasl.
; Fast loading /u/sgwoods/Plan/Tweak2/mtc.fasl.
; Fast loading /u/sgwoods/Plan/Tweak2/successors.fasl.
; Fast loading /u/sgwoods/Plan/Tweak2/tree.fasl.
; Fast loading /u/sgwoods/Plan/Tweak2/Succ/find-new-ests.fasl.
; Fast loading /u/sgwoods/Plan/Tweak2/Succ/select-ops.fasl.
; Fast loading /u/sgwoods/Plan/Tweak2/Succ/find-exist-ests.fasl.
; Fast loading /u/sgwoods/Plan/Tweak2/Succ/find-pos-exist-ests.fasl.
; Fast loading /u/sgwoods/Plan/Tweak2/Succ/find-nec-exist-ests.fasl.
; Fast loading /u/sgwoods/Plan/Tweak2/Conf-infer/classify.fasl.
; Fast loading /u/sgwoods/Plan/Tweak2/Conf-infer/declob.fasl.
; Fast loading /u/sgwoods/Plan/Tweak2/Conf-infer/conflict-detection.fasl.
; Fast loading /u/sgwoods/Plan/Tweak2/Conf-infer/intermed-access.fasl.
; Fast loading /u/sgwoods/Plan/Tweak2/Plan-infer/plan-dependent.fasl.
; Fast loading /u/sgwoods/Plan/Tweak2/Plan-infer/plan-inference.fasl.
; Fast loading /u/sgwoods/Plan/Tweak2/Plan-infer/cr-access.fasl.
; Fast loading /u/sgwoods/Plan/Tweak2/Plan-infer/plan-modification.fasl.
; Fast loading /u/sgwoods/Plan/Tweak2/Plan-infer/show-plan.fasl.
; Fast loading /u/sgwoods/Plan/Tweak2/debug.fasl.
; Fast loading /u/sgwoods/Plan/Tweak2/Maint/compile.fasl.
; Fast loading /u/sgwoods/Plan/AbTweak2/init.fasl.
; Fast loading /u/sgwoods/Plan/AbTweak2/ab-mtc.fasl.
; Fast loading /u/sgwoods/Plan/AbTweak2/ab-succ.fasl.
; Fast loading /u/sgwoods/Plan/AbTweak2/ab-causal.fasl.
; Fast loading /u/sgwoods/Plan/AbTweak2/ab-msp.fasl.
; Fast loading /u/sgwoods/Plan/AbTweak2/ab-mono.fasl.
; Fast loading /u/sgwoods/Plan/AbTweak2/Maint/compile.fasl.
; Loading /u/sgwoods/Plan/Planner/Domains/load-functions.lsp.
; Loading /u/sgwoods/Plan/Planner/Domains/nils-blocks.lsp.
domain definition for: NILSSONS-BLOCKS-WORLD
operators    : 
(#s(OPERATOR :OPID PICKUP :NAME (PICKUP $X) :PRECONDITIONS ((ONTABLE $X) (CLEAR $X) (HANDEMPTY)) :EFFECTS ((HOLDING $X) (NOT ONTABLE $X) (NOT CLEAR $X) (NOT HANDEMPTY))) #s(OPERATOR :OPID PUTDOWN :NAME (PUTDOWN $X) :PRECONDITIONS ((HOLDING $X)) :EFFECTS ((ONTABLE $X) (CLEAR $X) (HANDEMPTY) (NOT HOLDING $X))) #s(OPERATOR :OPID STACK :NAME (STACK $X $Y) :PRECONDITIONS ((HOLDING $X) (CLEAR $Y)) :EFFECTS ((ON $X $Y) (CLEAR $X) (HANDEMPTY) (NOT HOLDING $X) (NOT CLEAR $Y))) #s(OPERATOR :OPID UNSTACK :NAME (UNSTACK $X $Y) :PRECONDITIONS ((ON $X $Y) (CLEAR $X) (HANDEMPTY)) :EFFECTS ((CLEAR $Y) (NOT CLEAR $X) (NOT HANDEMPTY) (HOLDING $X) (NOT ON $X $Y))))
initial state: ((ON C A) (ONTABLE A) (ONTABLE B) (CLEAR C) (CLEAR B) (HANDEMPTY))
goal state   : ((ON A B) (ON B C))
; Fast loading /u/sgwoods/Plan/Planner/useful.fasl.
<cl> 
; Loading /u/sgwoods/Plan/Planner/Domains/hanoi-3.lsp.
domain definition for: HANOI-3-ISPEG
operators    : 
(#s(OPERATOR :OPID MOVEB :NAME (MOVEB $X $Y) :PRECONDITIONS ((ISPEG $X) (ISPEG $Y) (NOT ONS $X) (NOT ONM $X) (NOT ONS $Y) (NOT ONM $Y) (ONB $X)) :EFFECTS ((NOT ONB $X) (ONB $Y))) #s(OPERATOR :OPID MOVEM :NAME (MOVEM $X $Y) :PRECONDITIONS ((ISPEG $X) (ISPEG $Y) (NOT ONS $X) (NOT ONS $Y) (ONM $X)) :EFFECTS ((NOT ONM $X) (ONM $Y))) #s(OPERATOR :OPID MOVES :NAME (MOVES $X $Y) :PRECONDITIONS ((ISPEG $X) (ISPEG $Y) (ONS $X)) :EFFECTS ((NOT ONS $X) (ONS $Y))))
initial state: ((ISPEG PEG1) (ISPEG PEG2) (ISPEG PEG3) (ONB PEG1) (ONM PEG1) (ONS PEG1) (NOT ONB PEG2) (NOT ONB PEG3) (NOT ONM PEG2) (NOT ONM PEG3) (NOT ONS PEG2) (NOT ONS PEG3))
goal state   : ((ONB PEG3) (ONM PEG3) (ONS PEG3))

NIL 
<cl> 
<cl> 
; Loading /u/sgwoods/Plan/Planner/Domains/hanoi-3/sibm.

T 
<cl> 
<cl> expanded  = 20
generated = 33
expanded  = 40
generated = 65
expanded  = 60
generated = 101
expanded  = 80
generated = 141
expanded  = 100
generated = 178
expanded  = 120
generated = 205
expanded  = 140
generated = 234
expanded  = 160
generated = 265
expanded  = 180
generated = 301
expanded  = 200
generated = 344
abtweak planner  run statistics
planner-mode   : ABTWEAK
search type    : 4
debug          : NIL
determine via  : FIRST
backwards-mode : NIL
heuristic      : D
nodes expanded : 200
nodes generated: 344
solution depth : 0
max node succ  : 5
max conflicts  : 2
branch factors : ((0 1.82) (1 1.79) (2 1.5) (3 1.75))

a: criticality levels    : 3
a: criticality depth mode: NIL
a: k learning mode       : NIL
a: top-down flag         : NIL
a: top-down pruned       : 0
a: abs goal mode         : NIL
a: monotonic sol property: NIL
a: msp weak mode         : NEC
a: weak msp   pruned     : 0
a: strong msp pruned     : 0
a: abstract nodes gen    : 16
expanded  = 220
generated = 381
expanded  = 240
generated = 415
expanded  = 260
generated = 452
expanded  = 280
generated = 487
expanded  = 300
generated = 520
expanded  = 320
generated = 554
expanded  = 340
generated = 592
expanded  = 360
generated = 631
expanded  = 380
generated = 669
expanded  = 400
generated = 709
abtweak planner  run statistics
planner-mode   : ABTWEAK
search type    : 4
debug          : NIL
determine via  : FIRST
backwards-mode : NIL
heuristic      : D
nodes expanded : 400
nodes generated: 709
solution depth : 0
max node succ  : 5
max conflicts  : 3
branch factors : ((0 1.82) (1 1.83) (2 1.5) (3 1.75))

a: criticality levels    : 3
a: criticality depth mode: NIL
a: k learning mode       : NIL
a: top-down flag         : NIL
a: top-down pruned       : 0
a: abs goal mode         : NIL
a: monotonic sol property: NIL
a: msp weak mode         : NEC
a: weak msp   pruned     : 0
a: strong msp pruned     : 0
a: abstract nodes gen    : 21
expanded  = 420
generated = 752
expanded  = 440
generated = 788
expanded  = 460
generated = 825
expanded  = 480
generated = 865
expanded  = 500
generated = 901
expanded  = 520
generated = 938
expanded  = 540
generated = 971
expanded  = 560
generated = 999
expanded  = 580
generated = 1030
expanded  = 600
generated = 1067
abtweak planner  run statistics
planner-mode   : ABTWEAK
search type    : 4
debug          : NIL
determine via  : FIRST
backwards-mode : NIL
heuristic      : D
nodes expanded : 600
nodes generated: 1067
solution depth : 0
max node succ  : 6
max conflicts  : 3
branch factors : ((0 1.78) (1 1.86) (2 1.55) (3 1.8))

a: criticality levels    : 3
a: criticality depth mode: NIL
a: k learning mode       : NIL
a: top-down flag         : NIL
a: top-down pruned       : 0
a: abs goal mode         : NIL
a: monotonic sol property: NIL
a: msp weak mode         : NEC
a: weak msp   pruned     : 0
a: strong msp pruned     : 0
a: abstract nodes gen    : 39
expanded  = 620
generated = 1094
expanded  = 640
generated = 1124
expanded  = 660
generated = 1155
expanded  = 680
generated = 1193
expanded  = 700
generated = 1235
expanded  = 720
generated = 1275
expanded  = 740
generated = 1310
expanded  = 760
generated = 1342
expanded  = 780
generated = 1380
expanded  = 800
generated = 1424
abtweak planner  run statistics
planner-mode   : ABTWEAK
search type    : 4
debug          : NIL
determine via  : FIRST
backwards-mode : NIL
heuristic      : D
nodes expanded : 800
nodes generated: 1424
solution depth : 0
max node succ  : 6
max conflicts  : 3
branch factors : ((0 1.79) (1 1.86) (2 1.55) (3 1.8))

a: criticality levels    : 3
a: criticality depth mode: NIL
a: k learning mode       : NIL
a: top-down flag         : NIL
a: top-down pruned       : 0
a: abs goal mode         : NIL
a: monotonic sol property: NIL
a: msp weak mode         : NEC
a: weak msp   pruned     : 0
a: strong msp pruned     : 0
a: abstract nodes gen    : 48
expanded  = 820
generated = 1459
expanded  = 840
generated = 1494
expanded  = 860
generated = 1522
expanded  = 880
generated = 1561
expanded  = 900
generated = 1594
expanded  = 920
generated = 1628
expanded  = 940
generated = 1668
expanded  = 960
generated = 1709
expanded  = 980
generated = 1753
expanded  = 1000
generated = 1787
abtweak planner  run statistics
planner-mode   : ABTWEAK
search type    : 4
debug          : NIL
determine via  : FIRST
backwards-mode : NIL
heuristic      : D
nodes expanded : 1000
nodes generated: 1787
solution depth : 0
max node succ  : 6
max conflicts  : 3
branch factors : ((0 1.81) (1 1.85) (2 1.55) (3 1.8))

a: criticality levels    : 3
a: criticality depth mode: NIL
a: k learning mode       : NIL
a: top-down flag         : NIL
a: top-down pruned       : 0
a: abs goal mode         : NIL
a: monotonic sol property: NIL
a: msp weak mode         : NEC
a: weak msp   pruned     : 0
a: strong msp pruned     : 0
a: abstract nodes gen    : 50
expanded  = 1020
generated = 1818
expanded  = 1040
generated = 1855
expanded  = 1060
generated = 1900
expanded  = 1080
generated = 1937
expanded  = 1100
generated = 1973
expanded  = 1120
generated = 2014
expanded  = 1140
generated = 2052
expanded  = 1160
generated = 2086
expanded  = 1180
generated = 2118
expanded  = 1200
generated = 2155
abtweak planner  run statistics
planner-mode   : ABTWEAK
search type    : 4
debug          : NIL
determine via  : FIRST
backwards-mode : NIL
heuristic      : D
nodes expanded : 1200
nodes generated: 2155
solution depth : 0
max node succ  : 6
max conflicts  : 3
branch factors : ((0 1.82) (1 1.86) (2 1.55) (3 1.8))

a: criticality levels    : 3
a: criticality depth mode: NIL
a: k learning mode       : NIL
a: top-down flag         : NIL
a: top-down pruned       : 0
a: abs goal mode         : NIL
a: monotonic sol property: NIL
a: msp weak mode         : NEC
a: weak msp   pruned     : 0
a: strong msp pruned     : 0
a: abstract nodes gen    : 59
expanded  = 1220
generated = 2192
expanded  = 1240
generated = 2230
expanded  = 1260
generated = 2268
expanded  = 1280
generated = 2303
expanded  = 1300
generated = 2342
expanded  = 1320
generated = 2383
expanded  = 1340
generated = 2420
expanded  = 1360
generated = 2456
expanded  = 1380
generated = 2498
expanded  = 1400
generated = 2539
abtweak planner  run statistics
planner-mode   : ABTWEAK
search type    : 4
debug          : NIL
determine via  : FIRST
backwards-mode : NIL
heuristic      : D
nodes expanded : 1400
nodes generated: 2539
solution depth : 0
max node succ  : 6
max conflicts  : 3
branch factors : ((0 1.83) (1 1.87) (2 1.55) (3 1.8))

a: criticality levels    : 3
a: criticality depth mode: NIL
a: k learning mode       : NIL
a: top-down flag         : NIL
a: top-down pruned       : 0
a: abs goal mode         : NIL
a: monotonic sol property: NIL
a: msp weak mode         : NEC
a: weak msp   pruned     : 0
a: strong msp pruned     : 0
a: abstract nodes gen    : 60
expanded  = 1420
generated = 2578
expanded  = 1440
generated = 2618
expanded  = 1460
generated = 2657
expanded  = 1480
generated = 2696
expanded  = 1500
generated = 2736
Limit EXPAND reached
; Exiting Lisp
