KCl (Kyoto Common Lisp)  June 3, 1987
Loading init.lsp


type  (start) to re-load planner

Loading init-o.lsp
Loading /u/sgwoods/Plan/Planner/Search/search-load.o
Loading /u/sgwoods/Plan/Planner/Search/search.o
Finished loading /u/sgwoods/Plan/Planner/Search/search.o
Loading /u/sgwoods/Plan/Planner/Search/graphsearch.o
Finished loading /u/sgwoods/Plan/Planner/Search/graphsearch.o
Loading /u/sgwoods/Plan/Planner/Search/graph-ctrl.o
Finished loading /u/sgwoods/Plan/Planner/Search/graph-ctrl.o
Loading /u/sgwoods/Plan/Planner/Search/list-access.o
Finished loading /u/sgwoods/Plan/Planner/Search/list-access.o
Loading /u/sgwoods/Plan/Planner/Search/node-access.o
Finished loading /u/sgwoods/Plan/Planner/Search/node-access.o
Loading /u/sgwoods/Plan/Planner/Search/interface.o
Finished loading /u/sgwoods/Plan/Planner/Search/interface.o
Loading /u/sgwoods/Plan/Planner/Search/state-expansion.o
Finished loading /u/sgwoods/Plan/Planner/Search/state-expansion.o
Loading /u/sgwoods/Plan/Planner/Search/Maint/compile.lsp
Finished loading /u/sgwoods/Plan/Planner/Search/Maint/compile.lsp
Finished loading /u/sgwoods/Plan/Planner/Search/search-load.o
Loading /u/sgwoods/Plan/Planner/planner.o
Finished loading /u/sgwoods/Plan/Planner/planner.o
Loading /u/sgwoods/Plan/Planner/branch.o
Finished loading /u/sgwoods/Plan/Planner/branch.o
Loading /u/sgwoods/Plan/Planner/driver.o
Finished loading /u/sgwoods/Plan/Planner/driver.o
Loading /u/sgwoods/Plan/Tweak2/init.lsp
Loading /u/sgwoods/Plan/Tweak2/general.o
Finished loading /u/sgwoods/Plan/Tweak2/general.o
Loading /u/sgwoods/Plan/Tweak2/structs.o
Finished loading /u/sgwoods/Plan/Tweak2/structs.o
Loading /u/sgwoods/Plan/Tweak2/mtc.o
Finished loading /u/sgwoods/Plan/Tweak2/mtc.o
Loading /u/sgwoods/Plan/Tweak2/successors.o
Finished loading /u/sgwoods/Plan/Tweak2/successors.o
Loading /u/sgwoods/Plan/Tweak2/tree.o
Finished loading /u/sgwoods/Plan/Tweak2/tree.o
Loading /u/sgwoods/Plan/Tweak2/Succ/find-new-ests.o
Finished loading /u/sgwoods/Plan/Tweak2/Succ/find-new-ests.o
Loading /u/sgwoods/Plan/Tweak2/Succ/select-ops.o
Finished loading /u/sgwoods/Plan/Tweak2/Succ/select-ops.o
Loading /u/sgwoods/Plan/Tweak2/Succ/find-exist-ests.o
Finished loading /u/sgwoods/Plan/Tweak2/Succ/find-exist-ests.o
Loading /u/sgwoods/Plan/Tweak2/Succ/find-pos-exist-ests.o
Finished loading /u/sgwoods/Plan/Tweak2/Succ/find-pos-exist-ests.o
Loading /u/sgwoods/Plan/Tweak2/Succ/find-nec-exist-ests.o
Finished loading /u/sgwoods/Plan/Tweak2/Succ/find-nec-exist-ests.o
Loading /u/sgwoods/Plan/Tweak2/Conf-infer/classify.o
Finished loading /u/sgwoods/Plan/Tweak2/Conf-infer/classify.o
Loading /u/sgwoods/Plan/Tweak2/Conf-infer/declob.o
Finished loading /u/sgwoods/Plan/Tweak2/Conf-infer/declob.o
Loading /u/sgwoods/Plan/Tweak2/Conf-infer/conflict-detection.o
Finished loading /u/sgwoods/Plan/Tweak2/Conf-infer/conflict-detection.o
Loading /u/sgwoods/Plan/Tweak2/Conf-infer/intermed-access.o
Finished loading /u/sgwoods/Plan/Tweak2/Conf-infer/intermed-access.o
Loading /u/sgwoods/Plan/Tweak2/Plan-infer/plan-dependent.o
Finished loading /u/sgwoods/Plan/Tweak2/Plan-infer/plan-dependent.o
Loading /u/sgwoods/Plan/Tweak2/Plan-infer/plan-inference.o
Finished loading /u/sgwoods/Plan/Tweak2/Plan-infer/plan-inference.o
Loading /u/sgwoods/Plan/Tweak2/Plan-infer/cr-access.o
Finished loading /u/sgwoods/Plan/Tweak2/Plan-infer/cr-access.o
Loading /u/sgwoods/Plan/Tweak2/Plan-infer/plan-modification.o
Finished loading /u/sgwoods/Plan/Tweak2/Plan-infer/plan-modification.o
Loading /u/sgwoods/Plan/Tweak2/Plan-infer/show-plan.o
Finished loading /u/sgwoods/Plan/Tweak2/Plan-infer/show-plan.o
Loading /u/sgwoods/Plan/Tweak2/debug.o
Finished loading /u/sgwoods/Plan/Tweak2/debug.o
Loading /u/sgwoods/Plan/Tweak2/Maint/compile.lsp
Finished loading /u/sgwoods/Plan/Tweak2/Maint/compile.lsp
Finished loading /u/sgwoods/Plan/Tweak2/init.lsp
Loading /u/sgwoods/Plan/AbTweak2/init.lsp
Loading /u/sgwoods/Plan/AbTweak2/ab-mtc.o
Finished loading /u/sgwoods/Plan/AbTweak2/ab-mtc.o
Loading /u/sgwoods/Plan/AbTweak2/ab-succ.o
Finished loading /u/sgwoods/Plan/AbTweak2/ab-succ.o
Loading /u/sgwoods/Plan/AbTweak2/ab-causal.o
Finished loading /u/sgwoods/Plan/AbTweak2/ab-causal.o
Loading /u/sgwoods/Plan/AbTweak2/ab-msp.o
Finished loading /u/sgwoods/Plan/AbTweak2/ab-msp.o
Loading /u/sgwoods/Plan/AbTweak2/ab-mono.o
Finished loading /u/sgwoods/Plan/AbTweak2/ab-mono.o
Loading /u/sgwoods/Plan/AbTweak2/Maint/compile.lsp
Finished loading /u/sgwoods/Plan/AbTweak2/Maint/compile.lsp
Finished loading /u/sgwoods/Plan/AbTweak2/init.lsp
Loading /u/sgwoods/Plan/Planner/Domains/load-functions.lsp
Finished loading /u/sgwoods/Plan/Planner/Domains/load-functions.lsp
Loading /u/sgwoods/Plan/Planner/Domains/nils-blocks.lsp
Finished loading /u/sgwoods/Plan/Planner/Domains/nils-blocks.lsp
DOMAIN DEFINITION FOR: NILSSONS-BLOCKS-WORLD
Operators    : 
(#S(OPERATOR OPID PICKUP NAME (PICKUP $X) PRECONDITIONS
       ((ONTABLE $X) (CLEAR $X) (HANDEMPTY)) EFFECTS
       ((HOLDING $X) (NOT ONTABLE $X) (NOT CLEAR $X) (NOT HANDEMPTY)))
 #S(OPERATOR OPID PUTDOWN NAME (PUTDOWN $X) PRECONDITIONS
       ((HOLDING $X)) EFFECTS
       ((ONTABLE $X) (CLEAR $X) (HANDEMPTY) (NOT HOLDING $X)))
 #S(OPERATOR OPID STACK NAME (STACK $X $Y) PRECONDITIONS
       ((HOLDING $X) (CLEAR $Y)) EFFECTS
       ((ON $X $Y) (CLEAR $X) (HANDEMPTY) (NOT HOLDING $X)
        (NOT CLEAR $Y)))
 #S(OPERATOR OPID UNSTACK NAME (UNSTACK $X $Y) PRECONDITIONS
       ((ON $X $Y) (CLEAR $X) (HANDEMPTY)) EFFECTS
       ((CLEAR $Y) (NOT CLEAR $X) (NOT HANDEMPTY) (HOLDING $X)
        (NOT ON $X $Y))))
Initial State: ((ON C A) (ONTABLE A) (ONTABLE B) (CLEAR C) (CLEAR B)
                (HANDEMPTY))
Goal State   : ((ON A B) (ON B C))
Loading useful.lsp
Finished loading useful.lsp
Finished loading init-o.lsp
Finished loading init.lsp

>Loading /u/sgwoods/Plan/Planner/Domains/nils-blocks.lsp
Finished loading /u/sgwoods/Plan/Planner/Domains/nils-blocks.lsp
DOMAIN DEFINITION FOR: NILSSONS-BLOCKS-WORLD
Operators    : 
(#S(OPERATOR OPID PICKUP NAME (PICKUP $X) PRECONDITIONS
       ((ONTABLE $X) (CLEAR $X) (HANDEMPTY)) EFFECTS
       ((HOLDING $X) (NOT ONTABLE $X) (NOT CLEAR $X) (NOT HANDEMPTY)))
 #S(OPERATOR OPID PUTDOWN NAME (PUTDOWN $X) PRECONDITIONS
       ((HOLDING $X)) EFFECTS
       ((ONTABLE $X) (CLEAR $X) (HANDEMPTY) (NOT HOLDING $X)))
 #S(OPERATOR OPID STACK NAME (STACK $X $Y) PRECONDITIONS
       ((HOLDING $X) (CLEAR $Y)) EFFECTS
       ((ON $X $Y) (CLEAR $X) (HANDEMPTY) (NOT HOLDING $X)
        (NOT CLEAR $Y)))
 #S(OPERATOR OPID UNSTACK NAME (UNSTACK $X $Y) PRECONDITIONS
       ((ON $X $Y) (CLEAR $X) (HANDEMPTY)) EFFECTS
       ((CLEAR $Y) (NOT CLEAR $X) (NOT HANDEMPTY) (HOLDING $X)
        (NOT ON $X $Y))))
Initial State: ((ON C A) (ONTABLE A) (ONTABLE B) (CLEAR C) (CLEAR B)
                (HANDEMPTY))
Goal State   : ((ON A B) (ON B C))
NIL

>Loading /u/sgwoods/Plan/Planner/Domains/nils/crit5
Finished loading /u/sgwoods/Plan/Planner/Domains/nils/crit5
T

>expanded  = 20
generated = 51
expanded  = 40
generated = 114
expanded  = 60
generated = 186
expanded  = 80
generated = 280
expanded  = 100
generated = 375
expanded  = 120
generated = 444
expanded  = 140
generated = 510
expanded  = 160
generated = 623
expanded  = 180
generated = 702
expanded  = 200
generated = 788
ABTWEAK PLANNER  RUN STATISTICS
Planner-Mode   : ABTWEAK
Search Type    : 4
Debug          : NIL
Determine via  : FIRST
Backwards-Mode : NIL
Heuristic      : D
Nodes Expanded : 200
Nodes Generated: 788
Solution Depth : 0
Max Node Succ  : 29
Max Conflicts  : 2
Branch Factors : ((0 1.5) (1 4.09) (2 1.0))

A: Criticality Levels    : 2
A: Criticality Depth Mode: NIL
A: K Learning Mode       : NIL
A: Top-Down Flag         : NIL
A: Top-Down Pruned       : 0
A: ABS Goal Mode         : T
A: Monotonic Sol Property: NIL
A: Msp Weak Mode         : NEC
A: Weak MSP   pruned     : 0
A: Strong MSP pruned     : 0
A: Abstract nodes GEN    : 3
expanded  = 220
generated = 908
expanded  = 240
generated = 992
expanded  = 260
generated = 1079
expanded  = 280
generated = 1166
expanded  = 300
generated = 1255
expanded  = 320
generated = 1361
expanded  = 340
generated = 1462
expanded  = 360
generated = 1521
expanded  = 380
generated = 1598
expanded  = 400
generated = 1654
ABTWEAK PLANNER  RUN STATISTICS
Planner-Mode   : ABTWEAK
Search Type    : 4
Debug          : NIL
Determine via  : FIRST
Backwards-Mode : NIL
Heuristic      : D
Nodes Expanded : 400
Nodes Generated: 1654
Solution Depth : 0
Max Node Succ  : 29
Max Conflicts  : 2
Branch Factors : ((0 1.29) (1 4.26) (2 1.0))

A: Criticality Levels    : 2
A: Criticality Depth Mode: NIL
A: K Learning Mode       : NIL
A: Top-Down Flag         : NIL
A: Top-Down Pruned       : 0
A: ABS Goal Mode         : T
A: Monotonic Sol Property: NIL
A: Msp Weak Mode         : NEC
A: Weak MSP   pruned     : 0
A: Strong MSP pruned     : 0
A: Abstract nodes GEN    : 6
expanded  = 420
generated = 1754

Correctable error: The storage for structure is exhausted.
                   Currently, 106 pages are allocated.
                   Use ALLOCATE to expand the space.
Signalled by DRIVER.
If continued: Continues execution.

Broken at DRIVER.  Type :H for Help.
>>Bye.
