
>Loading /u/sgwoods/Plan/Planner/Domains/nils-blocks.lsp
Finished loading /u/sgwoods/Plan/Planner/Domains/nils-blocks.lsp
DOMAIN DEFINITION FOR: NILSSONS-BLOCKS-WORLD
Operators    : 
(#S(OPERATOR OPID PICKUP NAME (PICKUP $X) PRECONDITIONS
       ((ONTABLE $X) (CLEAR $X) (HANDEMPTY)) EFFECTS
       ((HOLDING $X) (NOT ONTABLE $X) (NOT CLEAR $X) (NOT HANDEMPTY)))
 #S(OPERATOR OPID PUTDOWN NAME (PUTDOWN $X) PRECONDITIONS
       ((HOLDING $X)) EFFECTS
       ((ONTABLE $X) (CLEAR $X) (HANDEMPTY) (NOT HOLDING $X)))
 #S(OPERATOR OPID STACK NAME (STACK $X $Y) PRECONDITIONS
       ((HOLDING $X) (CLEAR $Y)) EFFECTS
       ((ON $X $Y) (CLEAR $X) (HANDEMPTY) (NOT HOLDING $X)
        (NOT CLEAR $Y)))
 #S(OPERATOR OPID UNSTACK NAME (UNSTACK $X $Y) PRECONDITIONS
       ((ON $X $Y) (CLEAR $X) (HANDEMPTY)) EFFECTS
       ((CLEAR $Y) (NOT CLEAR $X) (NOT HANDEMPTY) (HOLDING $X)
        (NOT ON $X $Y))))
Initial State: ((ON C A) (ONTABLE A) (ONTABLE B) (CLEAR C) (CLEAR B)
                (HANDEMPTY))
Goal State   : ((ON A B) (ON B C))
NIL

>Loading /u/sgwoods/Plan/Planner/Domains/nils/crit6
Finished loading /u/sgwoods/Plan/Planner/Domains/nils/crit6
T

>Expanded  = 100
Generated = 335
Expanded  = 200
Generated = 693
Expanded  = 300
Generated = 1261
Expanded  = 400
Generated = 1654

Correctable error: The storage for structure is exhausted.
                   Currently, 126 pages are allocated.
                   Use ALLOCATE to expand the space.
Signalled by DRIVER.
If continued: Continues execution.

Broken at DRIVER.  Type :H for Help.
>>Bye.
